775	6.000000	six/006001.jpg
374	2.000000	four/004116.jpg
311	2.000000	four/004053.jpg
68	0.000000	eight/008068.jpg
960	7.000000	three/003057.jpg
1093	8.000000	two/002061.jpg
200	1.000000	five/005071.jpg
1000	7.000000	three/003097.jpg
220	1.000000	five/005091.jpg
471	3.000000	nine/009084.jpg
157	1.000000	five/005028.jpg
851	6.000000	six/006077.jpg
1101	8.000000	two/002069.jpg
1169	9.000000	zero/000008.jpg
1139	8.000000	two/002107.jpg
696	5.000000	seven/007051.jpg
746	5.000000	seven/007101.jpg
552	4.000000	one/001036.jpg
371	2.000000	four/004113.jpg
715	5.000000	seven/007070.jpg
147	1.000000	five/005018.jpg
1009	7.000000	three/003106.jpg
178	1.000000	five/005049.jpg
656	5.000000	seven/007011.jpg
985	7.000000	three/003082.jpg
167	1.000000	five/005038.jpg
921	7.000000	three/003018.jpg
883	6.000000	six/006109.jpg
1259	9.000000	zero/000098.jpg
1044	8.000000	two/002012.jpg
1015	7.000000	three/003112.jpg
679	5.000000	seven/007034.jpg
1161	9.000000	zero/000000.jpg
525	4.000000	one/001009.jpg
124	0.000000	eight/008124.jpg
1195	9.000000	zero/000034.jpg
472	3.000000	nine/009085.jpg
742	5.000000	seven/007097.jpg
958	7.000000	three/003055.jpg
664	5.000000	seven/007019.jpg
903	7.000000	three/003000.jpg
268	2.000000	four/004010.jpg
1103	8.000000	two/002071.jpg
1059	8.000000	two/002027.jpg
326	2.000000	four/004068.jpg
315	2.000000	four/004057.jpg
1117	8.000000	two/002085.jpg
183	1.000000	five/005054.jpg
221	1.000000	five/005092.jpg
123	0.000000	eight/008123.jpg
453	3.000000	nine/009066.jpg
585	4.000000	one/001069.jpg
817	6.000000	six/006043.jpg
868	6.000000	six/006094.jpg
203	1.000000	five/005074.jpg
1196	9.000000	zero/000035.jpg
692	5.000000	seven/007047.jpg
668	5.000000	seven/007023.jpg
481	3.000000	nine/009094.jpg
532	4.000000	one/001016.jpg
704	5.000000	seven/007059.jpg
1060	8.000000	two/002028.jpg
1064	8.000000	two/002032.jpg
594	4.000000	one/001078.jpg
1267	9.000000	zero/000106.jpg
989	7.000000	three/003086.jpg
680	5.000000	seven/007035.jpg
987	7.000000	three/003084.jpg
1216	9.000000	zero/000055.jpg
826	6.000000	six/006052.jpg
1146	8.000000	two/002114.jpg
313	2.000000	four/004055.jpg
1150	8.000000	two/002118.jpg
607	4.000000	one/001091.jpg
1114	8.000000	two/002082.jpg
884	6.000000	six/006110.jpg
131	1.000000	five/005002.jpg
174	1.000000	five/005045.jpg
135	1.000000	five/005006.jpg
17	0.000000	eight/008017.jpg
240	1.000000	five/005111.jpg
258	2.000000	four/004000.jpg
1243	9.000000	zero/000082.jpg
1128	8.000000	two/002096.jpg
335	2.000000	four/004077.jpg
38	0.000000	eight/008038.jpg
504	3.000000	nine/009117.jpg
1158	8.000000	two/002126.jpg
819	6.000000	six/006045.jpg
659	5.000000	seven/007014.jpg
831	6.000000	six/006057.jpg
110	0.000000	eight/008110.jpg
797	6.000000	six/006023.jpg
280	2.000000	four/004022.jpg
655	5.000000	seven/007010.jpg
780	6.000000	six/006006.jpg
1244	9.000000	zero/000083.jpg
402	3.000000	nine/009015.jpg
1046	8.000000	two/002014.jpg
499	3.000000	nine/009112.jpg
590	4.000000	one/001074.jpg
486	3.000000	nine/009099.jpg
1212	9.000000	zero/000051.jpg
382	2.000000	four/004124.jpg
687	5.000000	seven/007042.jpg
991	7.000000	three/003088.jpg
956	7.000000	three/003053.jpg
445	3.000000	nine/009058.jpg
370	2.000000	four/004112.jpg
838	6.000000	six/006064.jpg
492	3.000000	nine/009105.jpg
380	2.000000	four/004122.jpg
1236	9.000000	zero/000075.jpg
451	3.000000	nine/009064.jpg
172	1.000000	five/005043.jpg
602	4.000000	one/001086.jpg
865	6.000000	six/006091.jpg
115	0.000000	eight/008115.jpg
198	1.000000	five/005069.jpg
725	5.000000	seven/007080.jpg
850	6.000000	six/006076.jpg
21	0.000000	eight/008021.jpg
578	4.000000	one/001062.jpg
1285	9.000000	zero/000124.jpg
44	0.000000	eight/008044.jpg
1120	8.000000	two/002088.jpg
665	5.000000	seven/007020.jpg
139	1.000000	five/005010.jpg
108	0.000000	eight/008108.jpg
1268	9.000000	zero/000107.jpg
23	0.000000	eight/008023.jpg
1275	9.000000	zero/000114.jpg
749	5.000000	seven/007104.jpg
586	4.000000	one/001070.jpg
262	2.000000	four/004004.jpg
916	7.000000	three/003013.jpg
856	6.000000	six/006082.jpg
1151	8.000000	two/002119.jpg
599	4.000000	one/001083.jpg
439	3.000000	nine/009052.jpg
267	2.000000	four/004009.jpg
353	2.000000	four/004095.jpg
1125	8.000000	two/002093.jpg
37	0.000000	eight/008037.jpg
705	5.000000	seven/007060.jpg
1247	9.000000	zero/000086.jpg
978	7.000000	three/003075.jpg
140	1.000000	five/005011.jpg
753	5.000000	seven/007108.jpg
1202	9.000000	zero/000041.jpg
498	3.000000	nine/009111.jpg
556	4.000000	one/001040.jpg
169	1.000000	five/005040.jpg
308	2.000000	four/004050.jpg
497	3.000000	nine/009110.jpg
234	1.000000	five/005105.jpg
387	3.000000	nine/009000.jpg
881	6.000000	six/006107.jpg
457	3.000000	nine/009070.jpg
1276	9.000000	zero/000115.jpg
57	0.000000	eight/008057.jpg
1272	9.000000	zero/000111.jpg
771	5.000000	seven/007126.jpg
319	2.000000	four/004061.jpg
859	6.000000	six/006085.jpg
261	2.000000	four/004003.jpg
14	0.000000	eight/008014.jpg
289	2.000000	four/004031.jpg
981	7.000000	three/003078.jpg
641	4.000000	one/001125.jpg
1194	9.000000	zero/000033.jpg
980	7.000000	three/003077.jpg
615	4.000000	one/001099.jpg
1011	7.000000	three/003108.jpg
1201	9.000000	zero/000040.jpg
114	0.000000	eight/008114.jpg
1018	7.000000	three/003115.jpg
983	7.000000	three/003080.jpg
392	3.000000	nine/009005.jpg
463	3.000000	nine/009076.jpg
653	5.000000	seven/007008.jpg
934	7.000000	three/003031.jpg
726	5.000000	seven/007081.jpg
437	3.000000	nine/009050.jpg
211	1.000000	five/005082.jpg
192	1.000000	five/005063.jpg
1176	9.000000	zero/000015.jpg
61	0.000000	eight/008061.jpg
148	1.000000	five/005019.jpg
368	2.000000	four/004110.jpg
747	5.000000	seven/007102.jpg
842	6.000000	six/006068.jpg
1132	8.000000	two/002100.jpg
70	0.000000	eight/008070.jpg
544	4.000000	one/001028.jpg
625	4.000000	one/001109.jpg
892	6.000000	six/006118.jpg
307	2.000000	four/004049.jpg
363	2.000000	four/004105.jpg
821	6.000000	six/006047.jpg
91	0.000000	eight/008091.jpg
711	5.000000	seven/007066.jpg
1231	9.000000	zero/000070.jpg
1278	9.000000	zero/000117.jpg
565	4.000000	one/001049.jpg
573	4.000000	one/001057.jpg
1224	9.000000	zero/000063.jpg
1032	8.000000	two/002000.jpg
241	1.000000	five/005112.jpg
844	6.000000	six/006070.jpg
2	0.000000	eight/008002.jpg
1119	8.000000	two/002087.jpg
1228	9.000000	zero/000067.jpg
424	3.000000	nine/009037.jpg
999	7.000000	three/003096.jpg
441	3.000000	nine/009054.jpg
117	0.000000	eight/008117.jpg
1164	9.000000	zero/000003.jpg
758	5.000000	seven/007113.jpg
535	4.000000	one/001019.jpg
1088	8.000000	two/002056.jpg
1170	9.000000	zero/000009.jpg
570	4.000000	one/001054.jpg
861	6.000000	six/006087.jpg
473	3.000000	nine/009086.jpg
1029	7.000000	three/003126.jpg
105	0.000000	eight/008105.jpg
191	1.000000	five/005062.jpg
1061	8.000000	two/002029.jpg
56	0.000000	eight/008056.jpg
170	1.000000	five/005041.jpg
857	6.000000	six/006083.jpg
818	6.000000	six/006044.jpg
440	3.000000	nine/009053.jpg
304	2.000000	four/004046.jpg
480	3.000000	nine/009093.jpg
745	5.000000	seven/007100.jpg
334	2.000000	four/004076.jpg
359	2.000000	four/004101.jpg
577	4.000000	one/001061.jpg
138	1.000000	five/005009.jpg
426	3.000000	nine/009039.jpg
1108	8.000000	two/002076.jpg
516	4.000000	one/001000.jpg
13	0.000000	eight/008013.jpg
1207	9.000000	zero/000046.jpg
1127	8.000000	two/002095.jpg
910	7.000000	three/003007.jpg
1070	8.000000	two/002038.jpg
872	6.000000	six/006098.jpg
296	2.000000	four/004038.jpg
349	2.000000	four/004091.jpg
523	4.000000	one/001007.jpg
832	6.000000	six/006058.jpg
512	3.000000	nine/009125.jpg
462	3.000000	nine/009075.jpg
538	4.000000	one/001022.jpg
766	5.000000	seven/007121.jpg
919	7.000000	three/003016.jpg
333	2.000000	four/004075.jpg
45	0.000000	eight/008045.jpg
764	5.000000	seven/007119.jpg
420	3.000000	nine/009033.jpg
155	1.000000	five/005026.jpg
1269	9.000000	zero/000108.jpg
112	0.000000	eight/008112.jpg
1076	8.000000	two/002044.jpg
1281	9.000000	zero/000120.jpg
1016	7.000000	three/003113.jpg
639	4.000000	one/001123.jpg
455	3.000000	nine/009068.jpg
813	6.000000	six/006039.jpg
403	3.000000	nine/009016.jpg
1284	9.000000	zero/000123.jpg
1261	9.000000	zero/000100.jpg
263	2.000000	four/004005.jpg
1130	8.000000	two/002098.jpg
848	6.000000	six/006074.jpg
611	4.000000	one/001095.jpg
495	3.000000	nine/009108.jpg
133	1.000000	five/005004.jpg
560	4.000000	one/001044.jpg
1105	8.000000	two/002073.jpg
503	3.000000	nine/009116.jpg
690	5.000000	seven/007045.jpg
66	0.000000	eight/008066.jpg
1256	9.000000	zero/000095.jpg
723	5.000000	seven/007078.jpg
928	7.000000	three/003025.jpg
549	4.000000	one/001033.jpg
773	5.000000	seven/007128.jpg
442	3.000000	nine/009055.jpg
242	1.000000	five/005113.jpg
1089	8.000000	two/002057.jpg
1025	7.000000	three/003122.jpg
1034	8.000000	two/002002.jpg
1227	9.000000	zero/000066.jpg
1241	9.000000	zero/000080.jpg
1104	8.000000	two/002072.jpg
612	4.000000	one/001096.jpg
232	1.000000	five/005103.jpg
215	1.000000	five/005086.jpg
1135	8.000000	two/002103.jpg
829	6.000000	six/006055.jpg
154	1.000000	five/005025.jpg
739	5.000000	seven/007094.jpg
801	6.000000	six/006027.jpg
1187	9.000000	zero/000026.jpg
430	3.000000	nine/009043.jpg
957	7.000000	three/003054.jpg
474	3.000000	nine/009087.jpg
740	5.000000	seven/007095.jpg
568	4.000000	one/001052.jpg
434	3.000000	nine/009047.jpg
587	4.000000	one/001071.jpg
789	6.000000	six/006015.jpg
152	1.000000	five/005023.jpg
1057	8.000000	two/002025.jpg
699	5.000000	seven/007054.jpg
952	7.000000	three/003049.jpg
269	2.000000	four/004011.jpg
1192	9.000000	zero/000031.jpg
1253	9.000000	zero/000092.jpg
65	0.000000	eight/008065.jpg
255	1.000000	five/005126.jpg
767	5.000000	seven/007122.jpg
827	6.000000	six/006053.jpg
621	4.000000	one/001105.jpg
947	7.000000	three/003044.jpg
423	3.000000	nine/009036.jpg
201	1.000000	five/005072.jpg
1166	9.000000	zero/000005.jpg
527	4.000000	one/001011.jpg
1019	7.000000	three/003116.jpg
508	3.000000	nine/009121.jpg
835	6.000000	six/006061.jpg
939	7.000000	three/003036.jpg
277	2.000000	four/004019.jpg
72	0.000000	eight/008072.jpg
323	2.000000	four/004065.jpg
90	0.000000	eight/008090.jpg
513	3.000000	nine/009126.jpg
929	7.000000	three/003026.jpg
330	2.000000	four/004072.jpg
354	2.000000	four/004096.jpg
450	3.000000	nine/009063.jpg
830	6.000000	six/006056.jpg
127	0.000000	eight/008127.jpg
41	0.000000	eight/008041.jpg
885	6.000000	six/006111.jpg
67	0.000000	eight/008067.jpg
1264	9.000000	zero/000103.jpg
676	5.000000	seven/007031.jpg
800	6.000000	six/006026.jpg
551	4.000000	one/001035.jpg
134	1.000000	five/005005.jpg
1220	9.000000	zero/000059.jpg
1255	9.000000	zero/000094.jpg
1167	9.000000	zero/000006.jpg
1092	8.000000	two/002060.jpg
1129	8.000000	two/002097.jpg
837	6.000000	six/006063.jpg
1153	8.000000	two/002121.jpg
807	6.000000	six/006033.jpg
986	7.000000	three/003083.jpg
1082	8.000000	two/002050.jpg
897	6.000000	six/006123.jpg
1067	8.000000	two/002035.jpg
120	0.000000	eight/008120.jpg
1138	8.000000	two/002106.jpg
598	4.000000	one/001082.jpg
920	7.000000	three/003017.jpg
1094	8.000000	two/002062.jpg
559	4.000000	one/001043.jpg
223	1.000000	five/005094.jpg
1155	8.000000	two/002123.jpg
1189	9.000000	zero/000028.jpg
658	5.000000	seven/007013.jpg
299	2.000000	four/004041.jpg
905	7.000000	three/003002.jpg
1006	7.000000	three/003103.jpg
327	2.000000	four/004069.jpg
862	6.000000	six/006088.jpg
955	7.000000	three/003052.jpg
1204	9.000000	zero/000043.jpg
741	5.000000	seven/007096.jpg
229	1.000000	five/005100.jpg
362	2.000000	four/004104.jpg
1156	8.000000	two/002124.jpg
378	2.000000	four/004120.jpg
54	0.000000	eight/008054.jpg
305	2.000000	four/004047.jpg
1141	8.000000	two/002109.jpg
580	4.000000	one/001064.jpg
1121	8.000000	two/002089.jpg
1265	9.000000	zero/000104.jpg
968	7.000000	three/003065.jpg
681	5.000000	seven/007036.jpg
1177	9.000000	zero/000016.jpg
1017	7.000000	three/003114.jpg
785	6.000000	six/006011.jpg
600	4.000000	one/001084.jpg
816	6.000000	six/006042.jpg
411	3.000000	nine/009024.jpg
49	0.000000	eight/008049.jpg
1280	9.000000	zero/000119.jpg
249	1.000000	five/005120.jpg
650	5.000000	seven/007005.jpg
993	7.000000	three/003090.jpg
967	7.000000	three/003064.jpg
1021	7.000000	three/003118.jpg
685	5.000000	seven/007040.jpg
918	7.000000	three/003015.jpg
459	3.000000	nine/009072.jpg
1260	9.000000	zero/000099.jpg
695	5.000000	seven/007050.jpg
620	4.000000	one/001104.jpg
770	5.000000	seven/007125.jpg
901	6.000000	six/006127.jpg
388	3.000000	nine/009001.jpg
132	1.000000	five/005003.jpg
748	5.000000	seven/007103.jpg
776	6.000000	six/006002.jpg
1056	8.000000	two/002024.jpg
808	6.000000	six/006034.jpg
908	7.000000	three/003005.jpg
204	1.000000	five/005075.jpg
833	6.000000	six/006059.jpg
488	3.000000	nine/009101.jpg
752	5.000000	seven/007107.jpg
168	1.000000	five/005039.jpg
15	0.000000	eight/008015.jpg
972	7.000000	three/003069.jpg
350	2.000000	four/004092.jpg
1048	8.000000	two/002016.jpg
581	4.000000	one/001065.jpg
1252	9.000000	zero/000091.jpg
52	0.000000	eight/008052.jpg
1050	8.000000	two/002018.jpg
197	1.000000	five/005068.jpg
547	4.000000	one/001031.jpg
619	4.000000	one/001103.jpg
33	0.000000	eight/008033.jpg
815	6.000000	six/006041.jpg
1002	7.000000	three/003099.jpg
130	1.000000	five/005001.jpg
596	4.000000	one/001080.jpg
1171	9.000000	zero/000010.jpg
1080	8.000000	two/002048.jpg
781	6.000000	six/006007.jpg
1084	8.000000	two/002052.jpg
689	5.000000	seven/007044.jpg
536	4.000000	one/001020.jpg
236	1.000000	five/005107.jpg
951	7.000000	three/003048.jpg
1215	9.000000	zero/000054.jpg
80	0.000000	eight/008080.jpg
796	6.000000	six/006022.jpg
250	1.000000	five/005121.jpg
18	0.000000	eight/008018.jpg
675	5.000000	seven/007030.jpg
652	5.000000	seven/007007.jpg
58	0.000000	eight/008058.jpg
55	0.000000	eight/008055.jpg
230	1.000000	five/005101.jpg
109	0.000000	eight/008109.jpg
1054	8.000000	two/002022.jpg
1142	8.000000	two/002110.jpg
708	5.000000	seven/007063.jpg
836	6.000000	six/006062.jpg
1085	8.000000	two/002053.jpg
30	0.000000	eight/008030.jpg
1263	9.000000	zero/000102.jpg
894	6.000000	six/006120.jpg
1097	8.000000	two/002065.jpg
526	4.000000	one/001010.jpg
684	5.000000	seven/007039.jpg
270	2.000000	four/004012.jpg
153	1.000000	five/005024.jpg
12	0.000000	eight/008012.jpg
1012	7.000000	three/003109.jpg
645	5.000000	seven/007000.jpg
915	7.000000	three/003012.jpg
8	0.000000	eight/008008.jpg
292	2.000000	four/004034.jpg
48	0.000000	eight/008048.jpg
86	0.000000	eight/008086.jpg
344	2.000000	four/004086.jpg
24	0.000000	eight/008024.jpg
1040	8.000000	two/002008.jpg
529	4.000000	one/001013.jpg
925	7.000000	three/003022.jpg
84	0.000000	eight/008084.jpg
281	2.000000	four/004023.jpg
714	5.000000	seven/007069.jpg
1109	8.000000	two/002077.jpg
734	5.000000	seven/007089.jpg
575	4.000000	one/001059.jpg
331	2.000000	four/004073.jpg
384	2.000000	four/004126.jpg
422	3.000000	nine/009035.jpg
1205	9.000000	zero/000044.jpg
395	3.000000	nine/009008.jpg
569	4.000000	one/001053.jpg
879	6.000000	six/006105.jpg
137	1.000000	five/005008.jpg
674	5.000000	seven/007029.jpg
501	3.000000	nine/009114.jpg
366	2.000000	four/004108.jpg
373	2.000000	four/004115.jpg
340	2.000000	four/004082.jpg
1213	9.000000	zero/000052.jpg
1123	8.000000	two/002091.jpg
1144	8.000000	two/002112.jpg
761	5.000000	seven/007116.jpg
385	2.000000	four/004127.jpg
1043	8.000000	two/002011.jpg
64	0.000000	eight/008064.jpg
1001	7.000000	three/003098.jpg
309	2.000000	four/004051.jpg
1112	8.000000	two/002080.jpg
1099	8.000000	two/002067.jpg
678	5.000000	seven/007033.jpg
1250	9.000000	zero/000089.jpg
36	0.000000	eight/008036.jpg
783	6.000000	six/006009.jpg
691	5.000000	seven/007046.jpg
558	4.000000	one/001042.jpg
338	2.000000	four/004080.jpg
1185	9.000000	zero/000024.jpg
579	4.000000	one/001063.jpg
196	1.000000	five/005067.jpg
1096	8.000000	two/002064.jpg
102	0.000000	eight/008102.jpg
974	7.000000	three/003071.jpg
1047	8.000000	two/002015.jpg
876	6.000000	six/006102.jpg
629	4.000000	one/001113.jpg
605	4.000000	one/001089.jpg
890	6.000000	six/006116.jpg
932	7.000000	three/003029.jpg
902	6.000000	six/006128.jpg
698	5.000000	seven/007053.jpg
1058	8.000000	two/002026.jpg
190	1.000000	five/005061.jpg
724	5.000000	seven/007079.jpg
924	7.000000	three/003021.jpg
189	1.000000	five/005060.jpg
893	6.000000	six/006119.jpg
1266	9.000000	zero/000105.jpg
10	0.000000	eight/008010.jpg
662	5.000000	seven/007017.jpg
39	0.000000	eight/008039.jpg
399	3.000000	nine/009012.jpg
667	5.000000	seven/007022.jpg
1100	8.000000	two/002068.jpg
959	7.000000	three/003056.jpg
1148	8.000000	two/002116.jpg
963	7.000000	three/003060.jpg
694	5.000000	seven/007049.jpg
906	7.000000	three/003003.jpg
265	2.000000	four/004007.jpg
643	4.000000	one/001127.jpg
561	4.000000	one/001045.jpg
553	4.000000	one/001037.jpg
1230	9.000000	zero/000069.jpg
429	3.000000	nine/009042.jpg
51	0.000000	eight/008051.jpg
185	1.000000	five/005056.jpg
467	3.000000	nine/009080.jpg
945	7.000000	three/003042.jpg
347	2.000000	four/004089.jpg
3	0.000000	eight/008003.jpg
597	4.000000	one/001081.jpg
718	5.000000	seven/007073.jpg
1095	8.000000	two/002063.jpg
447	3.000000	nine/009060.jpg
355	2.000000	four/004097.jpg
93	0.000000	eight/008093.jpg
100	0.000000	eight/008100.jpg
954	7.000000	three/003051.jpg
1240	9.000000	zero/000079.jpg
567	4.000000	one/001051.jpg
557	4.000000	one/001041.jpg
35	0.000000	eight/008035.jpg
1221	9.000000	zero/000060.jpg
324	2.000000	four/004066.jpg
1073	8.000000	two/002041.jpg
759	5.000000	seven/007114.jpg
1068	8.000000	two/002036.jpg
784	6.000000	six/006010.jpg
1065	8.000000	two/002033.jpg
151	1.000000	five/005022.jpg
583	4.000000	one/001067.jpg
886	6.000000	six/006112.jpg
582	4.000000	one/001066.jpg
562	4.000000	one/001046.jpg
1283	9.000000	zero/000122.jpg
841	6.000000	six/006067.jpg
469	3.000000	nine/009082.jpg
969	7.000000	three/003066.jpg
913	7.000000	three/003010.jpg
1225	9.000000	zero/000064.jpg
943	7.000000	three/003040.jpg
1180	9.000000	zero/000019.jpg
73	0.000000	eight/008073.jpg
312	2.000000	four/004054.jpg
606	4.000000	one/001090.jpg
465	3.000000	nine/009078.jpg
891	6.000000	six/006117.jpg
1211	9.000000	zero/000050.jpg
572	4.000000	one/001056.jpg
63	0.000000	eight/008063.jpg
175	1.000000	five/005046.jpg
205	1.000000	five/005076.jpg
1262	9.000000	zero/000101.jpg
478	3.000000	nine/009091.jpg
863	6.000000	six/006089.jpg
622	4.000000	one/001106.jpg
912	7.000000	three/003009.jpg
187	1.000000	five/005058.jpg
1237	9.000000	zero/000076.jpg
121	0.000000	eight/008121.jpg
847	6.000000	six/006073.jpg
871	6.000000	six/006097.jpg
1115	8.000000	two/002083.jpg
283	2.000000	four/004025.jpg
709	5.000000	seven/007064.jpg
336	2.000000	four/004078.jpg
790	6.000000	six/006016.jpg
414	3.000000	nine/009027.jpg
769	5.000000	seven/007124.jpg
1182	9.000000	zero/000021.jpg
730	5.000000	seven/007085.jpg
528	4.000000	one/001012.jpg
720	5.000000	seven/007075.jpg
493	3.000000	nine/009106.jpg
436	3.000000	nine/009049.jpg
647	5.000000	seven/007002.jpg
1197	9.000000	zero/000036.jpg
637	4.000000	one/001121.jpg
988	7.000000	three/003085.jpg
31	0.000000	eight/008031.jpg
828	6.000000	six/006054.jpg
592	4.000000	one/001076.jpg
1079	8.000000	two/002047.jpg
1055	8.000000	two/002023.jpg
574	4.000000	one/001058.jpg
306	2.000000	four/004048.jpg
496	3.000000	nine/009109.jpg
291	2.000000	four/004033.jpg
290	2.000000	four/004032.jpg
235	1.000000	five/005106.jpg
635	4.000000	one/001119.jpg
778	6.000000	six/006004.jpg
648	5.000000	seven/007003.jpg
176	1.000000	five/005047.jpg
361	2.000000	four/004103.jpg
412	3.000000	nine/009025.jpg
145	1.000000	five/005016.jpg
479	3.000000	nine/009092.jpg
482	3.000000	nine/009095.jpg
406	3.000000	nine/009019.jpg
150	1.000000	five/005021.jpg
942	7.000000	three/003039.jpg
1210	9.000000	zero/000049.jpg
869	6.000000	six/006095.jpg
238	1.000000	five/005109.jpg
649	5.000000	seven/007004.jpg
519	4.000000	one/001003.jpg
995	7.000000	three/003092.jpg
840	6.000000	six/006066.jpg
160	1.000000	five/005031.jpg
104	0.000000	eight/008104.jpg
940	7.000000	three/003037.jpg
1027	7.000000	three/003124.jpg
1257	9.000000	zero/000096.jpg
660	5.000000	seven/007015.jpg
1020	7.000000	three/003117.jpg
787	6.000000	six/006013.jpg
636	4.000000	one/001120.jpg
1042	8.000000	two/002010.jpg
1251	9.000000	zero/000090.jpg
588	4.000000	one/001072.jpg
899	6.000000	six/006125.jpg
1152	8.000000	two/002120.jpg
670	5.000000	seven/007025.jpg
206	1.000000	five/005077.jpg
604	4.000000	one/001088.jpg
732	5.000000	seven/007087.jpg
26	0.000000	eight/008026.jpg
882	6.000000	six/006108.jpg
802	6.000000	six/006028.jpg
540	4.000000	one/001024.jpg
94	0.000000	eight/008094.jpg
1229	9.000000	zero/000068.jpg
937	7.000000	three/003034.jpg
276	2.000000	four/004018.jpg
165	1.000000	five/005036.jpg
949	7.000000	three/003046.jpg
214	1.000000	five/005085.jpg
408	3.000000	nine/009021.jpg
534	4.000000	one/001018.jpg
125	0.000000	eight/008125.jpg
1111	8.000000	two/002079.jpg
900	6.000000	six/006126.jpg
1254	9.000000	zero/000093.jpg
1289	9.000000	zero/000128.jpg
367	2.000000	four/004109.jpg
608	4.000000	one/001092.jpg
638	4.000000	one/001122.jpg
1239	9.000000	zero/000078.jpg
141	1.000000	five/005012.jpg
1208	9.000000	zero/000047.jpg
260	2.000000	four/004002.jpg
421	3.000000	nine/009034.jpg
1223	9.000000	zero/000062.jpg
688	5.000000	seven/007043.jpg
673	5.000000	seven/007028.jpg
381	2.000000	four/004123.jpg
795	6.000000	six/006021.jpg
34	0.000000	eight/008034.jpg
996	7.000000	three/003093.jpg
1157	8.000000	two/002125.jpg
0	0.000000	eight/008000.jpg
1238	9.000000	zero/000077.jpg
1071	8.000000	two/002039.jpg
432	3.000000	nine/009045.jpg
1168	9.000000	zero/000007.jpg
285	2.000000	four/004027.jpg
1270	9.000000	zero/000109.jpg
994	7.000000	three/003091.jpg
356	2.000000	four/004098.jpg
1014	7.000000	three/003111.jpg
375	2.000000	four/004117.jpg
846	6.000000	six/006072.jpg
834	6.000000	six/006060.jpg
489	3.000000	nine/009102.jpg
1031	7.000000	three/003128.jpg
1004	7.000000	three/003101.jpg
965	7.000000	three/003062.jpg
317	2.000000	four/004059.jpg
273	2.000000	four/004015.jpg
389	3.000000	nine/009002.jpg
1273	9.000000	zero/000112.jpg
228	1.000000	five/005099.jpg
935	7.000000	three/003032.jpg
116	0.000000	eight/008116.jpg
754	5.000000	seven/007109.jpg
226	1.000000	five/005097.jpg
391	3.000000	nine/009004.jpg
396	3.000000	nine/009009.jpg
438	3.000000	nine/009051.jpg
1218	9.000000	zero/000057.jpg
20	0.000000	eight/008020.jpg
59	0.000000	eight/008059.jpg
522	4.000000	one/001006.jpg
32	0.000000	eight/008032.jpg
143	1.000000	five/005014.jpg
584	4.000000	one/001068.jpg
571	4.000000	one/001055.jpg
118	0.000000	eight/008118.jpg
1245	9.000000	zero/000084.jpg
1235	9.000000	zero/000074.jpg
728	5.000000	seven/007083.jpg
927	7.000000	three/003024.jpg
786	6.000000	six/006012.jpg
1024	7.000000	three/003121.jpg
1160	8.000000	two/002128.jpg
537	4.000000	one/001021.jpg
303	2.000000	four/004045.jpg
870	6.000000	six/006096.jpg
419	3.000000	nine/009032.jpg
1131	8.000000	two/002099.jpg
791	6.000000	six/006017.jpg
1049	8.000000	two/002017.jpg
772	5.000000	seven/007127.jpg
146	1.000000	five/005017.jpg
1279	9.000000	zero/000118.jpg
591	4.000000	one/001075.jpg
750	5.000000	seven/007105.jpg
1118	8.000000	two/002086.jpg
1013	7.000000	three/003110.jpg
410	3.000000	nine/009023.jpg
1200	9.000000	zero/000039.jpg
803	6.000000	six/006029.jpg
398	3.000000	nine/009011.jpg
293	2.000000	four/004035.jpg
1062	8.000000	two/002030.jpg
210	1.000000	five/005081.jpg
144	1.000000	five/005015.jpg
484	3.000000	nine/009097.jpg
128	0.000000	eight/008128.jpg
541	4.000000	one/001025.jpg
1203	9.000000	zero/000042.jpg
651	5.000000	seven/007006.jpg
500	3.000000	nine/009113.jpg
458	3.000000	nine/009071.jpg
202	1.000000	five/005073.jpg
875	6.000000	six/006101.jpg
1035	8.000000	two/002003.jpg
735	5.000000	seven/007090.jpg
461	3.000000	nine/009074.jpg
9	0.000000	eight/008009.jpg
997	7.000000	three/003094.jpg
1188	9.000000	zero/000027.jpg
1	0.000000	eight/008001.jpg
1126	8.000000	two/002094.jpg
1063	8.000000	two/002031.jpg
898	6.000000	six/006124.jpg
697	5.000000	seven/007052.jpg
617	4.000000	one/001101.jpg
765	5.000000	seven/007120.jpg
1026	7.000000	three/003123.jpg
1106	8.000000	two/002074.jpg
253	1.000000	five/005124.jpg
1023	7.000000	three/003120.jpg
1069	8.000000	two/002037.jpg
1083	8.000000	two/002051.jpg
888	6.000000	six/006114.jpg
339	2.000000	four/004081.jpg
404	3.000000	nine/009017.jpg
866	6.000000	six/006092.jpg
518	4.000000	one/001002.jpg
415	3.000000	nine/009028.jpg
159	1.000000	five/005030.jpg
727	5.000000	seven/007082.jpg
874	6.000000	six/006100.jpg
346	2.000000	four/004088.jpg
87	0.000000	eight/008087.jpg
542	4.000000	one/001026.jpg
1206	9.000000	zero/000045.jpg
646	5.000000	seven/007001.jpg
1214	9.000000	zero/000053.jpg
628	4.000000	one/001112.jpg
502	3.000000	nine/009115.jpg
907	7.000000	three/003004.jpg
92	0.000000	eight/008092.jpg
88	0.000000	eight/008088.jpg
186	1.000000	five/005057.jpg
318	2.000000	four/004060.jpg
644	4.000000	one/001128.jpg
700	5.000000	seven/007055.jpg
507	3.000000	nine/009120.jpg
998	7.000000	three/003095.jpg
701	5.000000	seven/007056.jpg
566	4.000000	one/001050.jpg
640	4.000000	one/001124.jpg
788	6.000000	six/006014.jpg
756	5.000000	seven/007111.jpg
284	2.000000	four/004026.jpg
545	4.000000	one/001029.jpg
490	3.000000	nine/009103.jpg
1174	9.000000	zero/000013.jpg
642	4.000000	one/001126.jpg
282	2.000000	four/004024.jpg
814	6.000000	six/006040.jpg
843	6.000000	six/006069.jpg
1183	9.000000	zero/000022.jpg
878	6.000000	six/006104.jpg
1258	9.000000	zero/000097.jpg
736	5.000000	seven/007091.jpg
548	4.000000	one/001032.jpg
1022	7.000000	three/003119.jpg
275	2.000000	four/004017.jpg
4	0.000000	eight/008004.jpg
1288	9.000000	zero/000127.jpg
444	3.000000	nine/009057.jpg
946	7.000000	three/003043.jpg
239	1.000000	five/005110.jpg
1086	8.000000	two/002054.jpg
383	2.000000	four/004125.jpg
162	1.000000	five/005033.jpg
763	5.000000	seven/007118.jpg
626	4.000000	one/001110.jpg
1122	8.000000	two/002090.jpg
521	4.000000	one/001005.jpg
74	0.000000	eight/008074.jpg
712	5.000000	seven/007067.jpg
729	5.000000	seven/007084.jpg
351	2.000000	four/004093.jpg
706	5.000000	seven/007061.jpg
352	2.000000	four/004094.jpg
487	3.000000	nine/009100.jpg
279	2.000000	four/004021.jpg
609	4.000000	one/001093.jpg
1124	8.000000	two/002092.jpg
707	5.000000	seven/007062.jpg
1052	8.000000	two/002020.jpg
343	2.000000	four/004085.jpg
224	1.000000	five/005095.jpg
494	3.000000	nine/009107.jpg
854	6.000000	six/006080.jpg
1175	9.000000	zero/000014.jpg
849	6.000000	six/006075.jpg
812	6.000000	six/006038.jpg
630	4.000000	one/001114.jpg
1136	8.000000	two/002104.jpg
82	0.000000	eight/008082.jpg
1172	9.000000	zero/000011.jpg
78	0.000000	eight/008078.jpg
964	7.000000	three/003061.jpg
216	1.000000	five/005087.jpg
543	4.000000	one/001027.jpg
99	0.000000	eight/008099.jpg
762	5.000000	seven/007117.jpg
511	3.000000	nine/009124.jpg
1113	8.000000	two/002081.jpg
252	1.000000	five/005123.jpg
1274	9.000000	zero/000113.jpg
632	4.000000	one/001116.jpg
1053	8.000000	two/002021.jpg
950	7.000000	three/003047.jpg
505	3.000000	nine/009118.jpg
1077	8.000000	two/002045.jpg
188	1.000000	five/005059.jpg
755	5.000000	seven/007110.jpg
129	1.000000	five/005000.jpg
161	1.000000	five/005032.jpg
1249	9.000000	zero/000088.jpg
372	2.000000	four/004114.jpg
407	3.000000	nine/009020.jpg
546	4.000000	one/001030.jpg
295	2.000000	four/004037.jpg
860	6.000000	six/006086.jpg
738	5.000000	seven/007093.jpg
1271	9.000000	zero/000110.jpg
589	4.000000	one/001073.jpg
1066	8.000000	two/002034.jpg
595	4.000000	one/001079.jpg
794	6.000000	six/006020.jpg
264	2.000000	four/004006.jpg
671	5.000000	seven/007026.jpg
42	0.000000	eight/008042.jpg
364	2.000000	four/004106.jpg
76	0.000000	eight/008076.jpg
809	6.000000	six/006035.jpg
50	0.000000	eight/008050.jpg
1133	8.000000	two/002101.jpg
510	3.000000	nine/009123.jpg
271	2.000000	four/004013.jpg
1087	8.000000	two/002055.jpg
345	2.000000	four/004087.jpg
858	6.000000	six/006084.jpg
477	3.000000	nine/009090.jpg
1041	8.000000	two/002009.jpg
413	3.000000	nine/009026.jpg
244	1.000000	five/005115.jpg
530	4.000000	one/001014.jpg
962	7.000000	three/003059.jpg
792	6.000000	six/006018.jpg
219	1.000000	five/005090.jpg
379	2.000000	four/004121.jpg
1003	7.000000	three/003100.jpg
631	4.000000	one/001115.jpg
806	6.000000	six/006032.jpg
173	1.000000	five/005044.jpg
122	0.000000	eight/008122.jpg
360	2.000000	four/004102.jpg
737	5.000000	seven/007092.jpg
1090	8.000000	two/002058.jpg
425	3.000000	nine/009038.jpg
677	5.000000	seven/007032.jpg
1140	8.000000	two/002108.jpg
1028	7.000000	three/003125.jpg
1005	7.000000	three/003102.jpg
877	6.000000	six/006103.jpg
246	1.000000	five/005117.jpg
982	7.000000	three/003079.jpg
744	5.000000	seven/007099.jpg
28	0.000000	eight/008028.jpg
341	2.000000	four/004083.jpg
266	2.000000	four/004008.jpg
401	3.000000	nine/009014.jpg
1165	9.000000	zero/000004.jpg
1287	9.000000	zero/000126.jpg
923	7.000000	three/003020.jpg
409	3.000000	nine/009022.jpg
1078	8.000000	two/002046.jpg
975	7.000000	three/003072.jpg
222	1.000000	five/005093.jpg
1242	9.000000	zero/000081.jpg
272	2.000000	four/004014.jpg
1007	7.000000	three/003104.jpg
1173	9.000000	zero/000012.jpg
446	3.000000	nine/009059.jpg
199	1.000000	five/005070.jpg
1154	8.000000	two/002122.jpg
1149	8.000000	two/002117.jpg
1232	9.000000	zero/000071.jpg
62	0.000000	eight/008062.jpg
1179	9.000000	zero/000018.jpg
85	0.000000	eight/008085.jpg
7	0.000000	eight/008007.jpg
358	2.000000	four/004100.jpg
452	3.000000	nine/009065.jpg
1143	8.000000	two/002111.jpg
853	6.000000	six/006079.jpg
43	0.000000	eight/008043.jpg
672	5.000000	seven/007027.jpg
864	6.000000	six/006090.jpg
613	4.000000	one/001097.jpg
760	5.000000	seven/007115.jpg
483	3.000000	nine/009096.jpg
166	1.000000	five/005037.jpg
531	4.000000	one/001015.jpg
1162	9.000000	zero/000001.jpg
209	1.000000	five/005080.jpg
16	0.000000	eight/008016.jpg
926	7.000000	three/003023.jpg
774	6.000000	six/006000.jpg
953	7.000000	three/003050.jpg
454	3.000000	nine/009067.jpg
113	0.000000	eight/008113.jpg
682	5.000000	seven/007037.jpg
156	1.000000	five/005027.jpg
274	2.000000	four/004016.jpg
321	2.000000	four/004063.jpg
208	1.000000	five/005079.jpg
618	4.000000	one/001102.jpg
1178	9.000000	zero/000017.jpg
1219	9.000000	zero/000058.jpg
83	0.000000	eight/008083.jpg
867	6.000000	six/006093.jpg
1030	7.000000	three/003127.jpg
314	2.000000	four/004056.jpg
702	5.000000	seven/007057.jpg
320	2.000000	four/004062.jpg
180	1.000000	five/005051.jpg
666	5.000000	seven/007021.jpg
393	3.000000	nine/009006.jpg
896	6.000000	six/006122.jpg
624	4.000000	one/001108.jpg
627	4.000000	one/001111.jpg
212	1.000000	five/005083.jpg
1226	9.000000	zero/000065.jpg
245	1.000000	five/005116.jpg
657	5.000000	seven/007012.jpg
751	5.000000	seven/007106.jpg
1098	8.000000	two/002066.jpg
1199	9.000000	zero/000038.jpg
22	0.000000	eight/008022.jpg
948	7.000000	three/003045.jpg
476	3.000000	nine/009089.jpg
81	0.000000	eight/008081.jpg
376	2.000000	four/004118.jpg
218	1.000000	five/005089.jpg
60	0.000000	eight/008060.jpg
524	4.000000	one/001008.jpg
1036	8.000000	two/002004.jpg
97	0.000000	eight/008097.jpg
1008	7.000000	three/003105.jpg
416	3.000000	nine/009029.jpg
977	7.000000	three/003074.jpg
1045	8.000000	two/002013.jpg
717	5.000000	seven/007072.jpg
979	7.000000	three/003076.jpg
106	0.000000	eight/008106.jpg
961	7.000000	three/003058.jpg
256	1.000000	five/005127.jpg
182	1.000000	five/005053.jpg
231	1.000000	five/005102.jpg
1037	8.000000	two/002005.jpg
460	3.000000	nine/009073.jpg
29	0.000000	eight/008029.jpg
71	0.000000	eight/008071.jpg
468	3.000000	nine/009081.jpg
713	5.000000	seven/007068.jpg
464	3.000000	nine/009077.jpg
576	4.000000	one/001060.jpg
966	7.000000	three/003063.jpg
237	1.000000	five/005108.jpg
661	5.000000	seven/007016.jpg
992	7.000000	three/003089.jpg
1191	9.000000	zero/000030.jpg
777	6.000000	six/006003.jpg
733	5.000000	seven/007088.jpg
348	2.000000	four/004090.jpg
300	2.000000	four/004042.jpg
287	2.000000	four/004029.jpg
1217	9.000000	zero/000056.jpg
195	1.000000	five/005066.jpg
601	4.000000	one/001085.jpg
181	1.000000	five/005052.jpg
217	1.000000	five/005088.jpg
984	7.000000	three/003081.jpg
316	2.000000	four/004058.jpg
40	0.000000	eight/008040.jpg
852	6.000000	six/006078.jpg
904	7.000000	three/003001.jpg
95	0.000000	eight/008095.jpg
142	1.000000	five/005013.jpg
179	1.000000	five/005050.jpg
719	5.000000	seven/007074.jpg
880	6.000000	six/006106.jpg
938	7.000000	three/003035.jpg
805	6.000000	six/006031.jpg
1147	8.000000	two/002115.jpg
456	3.000000	nine/009069.jpg
1102	8.000000	two/002070.jpg
257	1.000000	five/005128.jpg
616	4.000000	one/001100.jpg
227	1.000000	five/005098.jpg
1033	8.000000	two/002001.jpg
1222	9.000000	zero/000061.jpg
278	2.000000	four/004020.jpg
936	7.000000	three/003033.jpg
149	1.000000	five/005020.jpg
554	4.000000	one/001038.jpg
1184	9.000000	zero/000023.jpg
435	3.000000	nine/009048.jpg
400	3.000000	nine/009013.jpg
914	7.000000	three/003011.jpg
782	6.000000	six/006008.jpg
779	6.000000	six/006005.jpg
1286	9.000000	zero/000125.jpg
811	6.000000	six/006037.jpg
1039	8.000000	two/002007.jpg
654	5.000000	seven/007009.jpg
27	0.000000	eight/008027.jpg
6	0.000000	eight/008006.jpg
325	2.000000	four/004067.jpg
294	2.000000	four/004036.jpg
721	5.000000	seven/007076.jpg
46	0.000000	eight/008046.jpg
171	1.000000	five/005042.jpg
377	2.000000	four/004119.jpg
69	0.000000	eight/008069.jpg
909	7.000000	three/003006.jpg
663	5.000000	seven/007018.jpg
722	5.000000	seven/007077.jpg
177	1.000000	five/005048.jpg
47	0.000000	eight/008047.jpg
610	4.000000	one/001094.jpg
449	3.000000	nine/009062.jpg
163	1.000000	five/005034.jpg
19	0.000000	eight/008019.jpg
824	6.000000	six/006050.jpg
475	3.000000	nine/009088.jpg
603	4.000000	one/001087.jpg
1246	9.000000	zero/000085.jpg
77	0.000000	eight/008077.jpg
623	4.000000	one/001107.jpg
1145	8.000000	two/002113.jpg
5	0.000000	eight/008005.jpg
555	4.000000	one/001039.jpg
799	6.000000	six/006025.jpg
1181	9.000000	zero/000020.jpg
466	3.000000	nine/009079.jpg
390	3.000000	nine/009003.jpg
194	1.000000	five/005065.jpg
533	4.000000	one/001017.jpg
1190	9.000000	zero/000029.jpg
550	4.000000	one/001034.jpg
158	1.000000	five/005029.jpg
845	6.000000	six/006071.jpg
427	3.000000	nine/009040.jpg
297	2.000000	four/004039.jpg
855	6.000000	six/006081.jpg
514	3.000000	nine/009127.jpg
397	3.000000	nine/009010.jpg
