775	2	6	0	0.07333333333333333	0.0375	0.97	0.97	0.0000	six/006001.jpg
374	2	6	1	0.04	0.04	0.9333333333333333	0.9675	0.0000	four/004116.jpg
311	2	6	1	0.04	0.04	0.9333333333333333	0.9675	0.0000	four/004053.jpg
68	2	6	2	0.06	0.0475	0.9533333333333334	0.975	0.0000	eight/008068.jpg
960	2	6	3	0.04666666666666667	0.045	0.95	0.98	0.0000	three/003057.jpg
1093	2	6	4	0.07	0.0275	0.9566666666666667	0.9875	0.0000	two/002061.jpg
200	2	6	5	0.06333333333333334	0.0475	0.9566666666666667	0.9575	0.0000	five/005071.jpg
1000	2	6	3	0.04666666666666667	0.045	0.95	0.98	0.0000	three/003097.jpg
220	2	6	5	0.06333333333333334	0.0475	0.9566666666666667	0.9575	0.0000	five/005091.jpg
471	2	6	6	0.06	0.0625	0.9466666666666667	0.9875	0.0000	nine/009084.jpg
157	2	6	5	0.06333333333333334	0.0475	0.9566666666666667	0.9575	0.0000	five/005028.jpg
851	2	6	0	0.07333333333333333	0.0375	0.97	0.97	0.0000	six/006077.jpg
1101	2	6	4	0.07	0.0275	0.9566666666666667	0.9875	0.0000	two/002069.jpg
1169	2	6	7	0.03333333333333333	0.0225	0.9666666666666667	0.9875	0.0000	zero/000008.jpg
1139	2	6	4	0.07	0.0275	0.9566666666666667	0.9875	0.0000	two/002107.jpg
696	2	6	8	0.06333333333333334	0.045	0.9433333333333334	0.97	0.0000	seven/007051.jpg
746	2	6	8	0.06333333333333334	0.045	0.9433333333333334	0.97	0.0000	seven/007101.jpg
552	2	6	9	0.14333333333333334	0.0375	0.9133333333333333	0.9525	0.0000	one/001036.jpg
371	2	6	1	0.04	0.04	0.9333333333333333	0.9675	0.0000	four/004113.jpg
715	2	6	8	0.06333333333333334	0.045	0.9433333333333334	0.97	0.0000	seven/007070.jpg
147	2	6	5	0.06333333333333334	0.0475	0.9566666666666667	0.9575	0.0000	five/005018.jpg
1009	2	6	3	0.04666666666666667	0.045	0.95	0.98	0.0000	three/003106.jpg
178	2	6	5	0.06333333333333334	0.0475	0.9566666666666667	0.9575	0.0000	five/005049.jpg
656	2	6	8	0.06333333333333334	0.045	0.9433333333333334	0.97	0.0000	seven/007011.jpg
985	2	6	3	0.04666666666666667	0.045	0.95	0.98	0.0000	three/003082.jpg
167	2	6	5	0.06333333333333334	0.0475	0.9566666666666667	0.9575	0.0000	five/005038.jpg
921	2	6	3	0.04666666666666667	0.045	0.95	0.98	0.0000	three/003018.jpg
883	2	6	0	0.07333333333333333	0.0375	0.97	0.97	0.0000	six/006109.jpg
1259	2	6	7	0.03333333333333333	0.0225	0.9666666666666667	0.9875	0.0000	zero/000098.jpg
1044	2	6	4	0.07	0.0275	0.9566666666666667	0.9875	0.0000	two/002012.jpg
1015	2	6	3	0.04666666666666667	0.045	0.95	0.98	0.0000	three/003112.jpg
679	2	6	8	0.06333333333333334	0.045	0.9433333333333334	0.97	0.0000	seven/007034.jpg
1161	2	6	7	0.03333333333333333	0.0225	0.9666666666666667	0.9875	0.0000	zero/000000.jpg
525	2	6	9	0.14333333333333334	0.0375	0.9133333333333333	0.9525	0.0000	one/001009.jpg
124	2	6	2	0.06	0.0475	0.9533333333333334	0.975	0.0000	eight/008124.jpg
1195	2	6	7	0.03333333333333333	0.0225	0.9666666666666667	0.9875	0.0000	zero/000034.jpg
472	2	6	6	0.06	0.0625	0.9466666666666667	0.9875	0.0000	nine/009085.jpg
742	2	6	8	0.06333333333333334	0.045	0.9433333333333334	0.97	0.0000	seven/007097.jpg
958	2	6	3	0.04666666666666667	0.045	0.95	0.98	0.0000	three/003055.jpg
664	2	6	8	0.06333333333333334	0.045	0.9433333333333334	0.97	0.0000	seven/007019.jpg
903	2	6	3	0.04666666666666667	0.045	0.95	0.98	0.0000	three/003000.jpg
268	2	6	1	0.04	0.04	0.9333333333333333	0.9675	0.0000	four/004010.jpg
1103	2	6	4	0.07	0.0275	0.9566666666666667	0.9875	0.0000	two/002071.jpg
1059	2	6	4	0.07	0.0275	0.9566666666666667	0.9875	0.0000	two/002027.jpg
326	2	6	1	0.04	0.04	0.9333333333333333	0.9675	0.0000	four/004068.jpg
315	2	6	1	0.04	0.04	0.9333333333333333	0.9675	0.0000	four/004057.jpg
1117	2	6	4	0.07	0.0275	0.9566666666666667	0.9875	0.0000	two/002085.jpg
183	2	6	5	0.06333333333333334	0.0475	0.9566666666666667	0.9575	0.0000	five/005054.jpg
221	2	6	5	0.06333333333333334	0.0475	0.9566666666666667	0.9575	0.0000	five/005092.jpg
123	2	6	2	0.06	0.0475	0.9533333333333334	0.975	0.0000	eight/008123.jpg
453	2	6	6	0.06	0.0625	0.9466666666666667	0.9875	0.0000	nine/009066.jpg
585	2	6	9	0.14333333333333334	0.0375	0.9133333333333333	0.9525	0.0000	one/001069.jpg
817	2	6	0	0.07333333333333333	0.0375	0.97	0.97	0.0000	six/006043.jpg
868	2	6	0	0.07333333333333333	0.0375	0.97	0.97	0.0000	six/006094.jpg
203	2	6	5	0.06333333333333334	0.0475	0.9566666666666667	0.9575	0.0000	five/005074.jpg
1196	2	6	7	0.03333333333333333	0.0225	0.9666666666666667	0.9875	0.0000	zero/000035.jpg
692	2	6	8	0.06333333333333334	0.045	0.9433333333333334	0.97	0.0000	seven/007047.jpg
668	2	6	8	0.06333333333333334	0.045	0.9433333333333334	0.97	0.0000	seven/007023.jpg
481	2	6	6	0.06	0.0625	0.9466666666666667	0.9875	0.0000	nine/009094.jpg
532	2	6	9	0.14333333333333334	0.0375	0.9133333333333333	0.9525	0.0000	one/001016.jpg
704	2	6	8	0.06333333333333334	0.045	0.9433333333333334	0.97	0.0000	seven/007059.jpg
1060	2	6	4	0.07	0.0275	0.9566666666666667	0.9875	0.0000	two/002028.jpg
1064	2	6	4	0.07	0.0275	0.9566666666666667	0.9875	0.0000	two/002032.jpg
594	2	6	9	0.14333333333333334	0.0375	0.9133333333333333	0.9525	0.0000	one/001078.jpg
1267	2	6	7	0.03333333333333333	0.0225	0.9666666666666667	0.9875	0.0000	zero/000106.jpg
989	2	6	3	0.04666666666666667	0.045	0.95	0.98	0.0000	three/003086.jpg
680	2	6	8	0.06333333333333334	0.045	0.9433333333333334	0.97	0.0000	seven/007035.jpg
987	2	6	3	0.04666666666666667	0.045	0.95	0.98	0.0000	three/003084.jpg
1216	2	6	7	0.03333333333333333	0.0225	0.9666666666666667	0.9875	0.0000	zero/000055.jpg
826	2	6	0	0.07333333333333333	0.0375	0.97	0.97	0.0000	six/006052.jpg
1146	2	6	4	0.07	0.0275	0.9566666666666667	0.9875	0.0000	two/002114.jpg
313	2	6	1	0.04	0.04	0.9333333333333333	0.9675	0.0000	four/004055.jpg
1150	2	6	4	0.07	0.0275	0.9566666666666667	0.9875	0.0000	two/002118.jpg
607	2	6	9	0.14333333333333334	0.0375	0.9133333333333333	0.9525	0.0000	one/001091.jpg
1114	2	6	4	0.07	0.0275	0.9566666666666667	0.9875	0.0000	two/002082.jpg
884	2	6	0	0.07333333333333333	0.0375	0.97	0.97	0.0000	six/006110.jpg
131	2	6	5	0.06333333333333334	0.0475	0.9566666666666667	0.9575	0.0000	five/005002.jpg
174	2	6	5	0.06333333333333334	0.0475	0.9566666666666667	0.9575	0.0000	five/005045.jpg
135	2	6	5	0.06333333333333334	0.0475	0.9566666666666667	0.9575	0.0000	five/005006.jpg
17	2	6	2	0.06	0.0475	0.9533333333333334	0.975	0.0000	eight/008017.jpg
240	2	6	5	0.06333333333333334	0.0475	0.9566666666666667	0.9575	0.0000	five/005111.jpg
258	2	6	1	0.04	0.04	0.9333333333333333	0.9675	0.0000	four/004000.jpg
1243	2	6	7	0.03333333333333333	0.0225	0.9666666666666667	0.9875	0.0000	zero/000082.jpg
1128	2	6	4	0.07	0.0275	0.9566666666666667	0.9875	0.0000	two/002096.jpg
335	2	6	1	0.04	0.04	0.9333333333333333	0.9675	0.0000	four/004077.jpg
38	2	6	2	0.06	0.0475	0.9533333333333334	0.975	0.0000	eight/008038.jpg
504	2	6	6	0.06	0.0625	0.9466666666666667	0.9875	0.0000	nine/009117.jpg
1158	2	6	4	0.07	0.0275	0.9566666666666667	0.9875	0.0000	two/002126.jpg
819	2	6	0	0.07333333333333333	0.0375	0.97	0.97	0.0000	six/006045.jpg
659	2	6	8	0.06333333333333334	0.045	0.9433333333333334	0.97	0.0000	seven/007014.jpg
831	2	6	0	0.07333333333333333	0.0375	0.97	0.97	0.0000	six/006057.jpg
110	2	6	2	0.06	0.0475	0.9533333333333334	0.975	0.0000	eight/008110.jpg
797	2	6	0	0.07333333333333333	0.0375	0.97	0.97	0.0000	six/006023.jpg
280	2	6	1	0.04	0.04	0.9333333333333333	0.9675	0.0000	four/004022.jpg
655	2	6	8	0.06333333333333334	0.045	0.9433333333333334	0.97	0.0000	seven/007010.jpg
780	2	6	0	0.07333333333333333	0.0375	0.97	0.97	0.0000	six/006006.jpg
1244	2	6	7	0.03333333333333333	0.0225	0.9666666666666667	0.9875	0.0000	zero/000083.jpg
402	2	6	6	0.06	0.0625	0.9466666666666667	0.9875	0.0000	nine/009015.jpg
1046	2	6	4	0.07	0.0275	0.9566666666666667	0.9875	0.0000	two/002014.jpg
499	2	6	6	0.06	0.0625	0.9466666666666667	0.9875	0.0000	nine/009112.jpg
590	2	6	9	0.14333333333333334	0.0375	0.9133333333333333	0.9525	0.0000	one/001074.jpg
486	2	6	6	0.06	0.0625	0.9466666666666667	0.9875	0.0000	nine/009099.jpg
1212	2	6	7	0.03333333333333333	0.0225	0.9666666666666667	0.9875	0.0000	zero/000051.jpg
382	2	6	1	0.04	0.04	0.9333333333333333	0.9675	0.0000	four/004124.jpg
687	2	6	8	0.06333333333333334	0.045	0.9433333333333334	0.97	0.0000	seven/007042.jpg
991	2	6	3	0.04666666666666667	0.045	0.95	0.98	0.0000	three/003088.jpg
956	2	6	3	0.04666666666666667	0.045	0.95	0.98	0.0000	three/003053.jpg
445	2	6	6	0.06	0.0625	0.9466666666666667	0.9875	0.0000	nine/009058.jpg
370	2	6	1	0.04	0.04	0.9333333333333333	0.9675	0.0000	four/004112.jpg
838	2	6	0	0.07333333333333333	0.0375	0.97	0.97	0.0000	six/006064.jpg
492	2	6	6	0.06	0.0625	0.9466666666666667	0.9875	0.0000	nine/009105.jpg
380	2	6	1	0.04	0.04	0.9333333333333333	0.9675	0.0000	four/004122.jpg
1236	2	6	7	0.03333333333333333	0.0225	0.9666666666666667	0.9875	0.0000	zero/000075.jpg
451	2	6	6	0.06	0.0625	0.9466666666666667	0.9875	0.0000	nine/009064.jpg
172	2	6	5	0.06333333333333334	0.0475	0.9566666666666667	0.9575	0.0000	five/005043.jpg
602	2	6	9	0.14333333333333334	0.0375	0.9133333333333333	0.9525	0.0000	one/001086.jpg
865	2	6	0	0.07333333333333333	0.0375	0.97	0.97	0.0000	six/006091.jpg
115	2	6	2	0.06	0.0475	0.9533333333333334	0.975	0.0000	eight/008115.jpg
198	2	6	5	0.06333333333333334	0.0475	0.9566666666666667	0.9575	0.0000	five/005069.jpg
725	2	6	8	0.06333333333333334	0.045	0.9433333333333334	0.97	0.0000	seven/007080.jpg
850	2	6	0	0.07333333333333333	0.0375	0.97	0.97	0.0000	six/006076.jpg
21	2	6	2	0.06	0.0475	0.9533333333333334	0.975	0.0000	eight/008021.jpg
578	2	6	9	0.14333333333333334	0.0375	0.9133333333333333	0.9525	0.0000	one/001062.jpg
1285	2	6	7	0.03333333333333333	0.0225	0.9666666666666667	0.9875	0.0000	zero/000124.jpg
44	2	6	2	0.06	0.0475	0.9533333333333334	0.975	0.0000	eight/008044.jpg
1120	2	6	4	0.07	0.0275	0.9566666666666667	0.9875	0.0000	two/002088.jpg
665	2	6	8	0.06333333333333334	0.045	0.9433333333333334	0.97	0.0000	seven/007020.jpg
139	2	6	5	0.06333333333333334	0.0475	0.9566666666666667	0.9575	0.0000	five/005010.jpg
108	2	6	2	0.06	0.0475	0.9533333333333334	0.975	0.0000	eight/008108.jpg
1268	2	6	7	0.03333333333333333	0.0225	0.9666666666666667	0.9875	0.0000	zero/000107.jpg
23	2	6	2	0.06	0.0475	0.9533333333333334	0.975	0.0000	eight/008023.jpg
1275	2	6	7	0.03333333333333333	0.0225	0.9666666666666667	0.9875	0.0000	zero/000114.jpg
749	2	6	8	0.06333333333333334	0.045	0.9433333333333334	0.97	0.0000	seven/007104.jpg
586	2	6	9	0.14333333333333334	0.0375	0.9133333333333333	0.9525	0.0000	one/001070.jpg
262	2	6	1	0.04	0.04	0.9333333333333333	0.9675	0.0000	four/004004.jpg
916	2	6	3	0.04666666666666667	0.045	0.95	0.98	0.0000	three/003013.jpg
856	2	6	0	0.07333333333333333	0.0375	0.97	0.97	0.0000	six/006082.jpg
1151	2	6	4	0.07	0.0275	0.9566666666666667	0.9875	0.0000	two/002119.jpg
599	2	6	9	0.14333333333333334	0.0375	0.9133333333333333	0.9525	0.0000	one/001083.jpg
439	2	6	6	0.06	0.0625	0.9466666666666667	0.9875	0.0000	nine/009052.jpg
267	2	6	1	0.04	0.04	0.9333333333333333	0.9675	0.0000	four/004009.jpg
353	2	6	1	0.04	0.04	0.9333333333333333	0.9675	0.0000	four/004095.jpg
1125	2	6	4	0.07	0.0275	0.9566666666666667	0.9875	0.0000	two/002093.jpg
37	2	6	2	0.06	0.0475	0.9533333333333334	0.975	0.0000	eight/008037.jpg
705	2	6	8	0.06333333333333334	0.045	0.9433333333333334	0.97	0.0000	seven/007060.jpg
1247	2	6	7	0.03333333333333333	0.0225	0.9666666666666667	0.9875	0.0000	zero/000086.jpg
978	2	6	3	0.04666666666666667	0.045	0.95	0.98	0.0000	three/003075.jpg
140	2	6	5	0.06333333333333334	0.0475	0.9566666666666667	0.9575	0.0000	five/005011.jpg
753	2	6	8	0.06333333333333334	0.045	0.9433333333333334	0.97	0.0000	seven/007108.jpg
1202	2	6	7	0.03333333333333333	0.0225	0.9666666666666667	0.9875	0.0000	zero/000041.jpg
498	2	6	6	0.06	0.0625	0.9466666666666667	0.9875	0.0000	nine/009111.jpg
556	2	6	9	0.14333333333333334	0.0375	0.9133333333333333	0.9525	0.0000	one/001040.jpg
169	2	6	5	0.06333333333333334	0.0475	0.9566666666666667	0.9575	0.0000	five/005040.jpg
308	2	6	1	0.04	0.04	0.9333333333333333	0.9675	0.0000	four/004050.jpg
497	2	6	6	0.06	0.0625	0.9466666666666667	0.9875	0.0000	nine/009110.jpg
234	2	6	5	0.06333333333333334	0.0475	0.9566666666666667	0.9575	0.0000	five/005105.jpg
387	2	6	6	0.06	0.0625	0.9466666666666667	0.9875	0.0000	nine/009000.jpg
881	2	6	0	0.07333333333333333	0.0375	0.97	0.97	0.0000	six/006107.jpg
457	2	6	6	0.06	0.0625	0.9466666666666667	0.9875	0.0000	nine/009070.jpg
1276	2	6	7	0.03333333333333333	0.0225	0.9666666666666667	0.9875	0.0000	zero/000115.jpg
57	2	6	2	0.06	0.0475	0.9533333333333334	0.975	0.0000	eight/008057.jpg
1272	2	6	7	0.03333333333333333	0.0225	0.9666666666666667	0.9875	0.0000	zero/000111.jpg
771	2	6	8	0.06333333333333334	0.045	0.9433333333333334	0.97	0.0000	seven/007126.jpg
319	2	6	1	0.04	0.04	0.9333333333333333	0.9675	0.0000	four/004061.jpg
859	2	6	0	0.07333333333333333	0.0375	0.97	0.97	0.0000	six/006085.jpg
261	2	6	1	0.04	0.04	0.9333333333333333	0.9675	0.0000	four/004003.jpg
14	2	6	2	0.06	0.0475	0.9533333333333334	0.975	0.0000	eight/008014.jpg
289	2	6	1	0.04	0.04	0.9333333333333333	0.9675	0.0000	four/004031.jpg
981	2	6	3	0.04666666666666667	0.045	0.95	0.98	0.0000	three/003078.jpg
641	2	6	9	0.14333333333333334	0.0375	0.9133333333333333	0.9525	0.0000	one/001125.jpg
1194	2	6	7	0.03333333333333333	0.0225	0.9666666666666667	0.9875	0.0000	zero/000033.jpg
980	2	6	3	0.04666666666666667	0.045	0.95	0.98	0.0000	three/003077.jpg
615	2	6	9	0.14333333333333334	0.0375	0.9133333333333333	0.9525	0.0000	one/001099.jpg
1011	2	6	3	0.04666666666666667	0.045	0.95	0.98	0.0000	three/003108.jpg
1201	2	6	7	0.03333333333333333	0.0225	0.9666666666666667	0.9875	0.0000	zero/000040.jpg
114	2	6	2	0.06	0.0475	0.9533333333333334	0.975	0.0000	eight/008114.jpg
1018	2	6	3	0.04666666666666667	0.045	0.95	0.98	0.0000	three/003115.jpg
983	2	6	3	0.04666666666666667	0.045	0.95	0.98	0.0000	three/003080.jpg
392	2	6	6	0.06	0.0625	0.9466666666666667	0.9875	0.0000	nine/009005.jpg
463	2	6	6	0.06	0.0625	0.9466666666666667	0.9875	0.0000	nine/009076.jpg
653	2	6	8	0.06333333333333334	0.045	0.9433333333333334	0.97	0.0000	seven/007008.jpg
934	2	6	3	0.04666666666666667	0.045	0.95	0.98	0.0000	three/003031.jpg
726	2	6	8	0.06333333333333334	0.045	0.9433333333333334	0.97	0.0000	seven/007081.jpg
437	2	6	6	0.06	0.0625	0.9466666666666667	0.9875	0.0000	nine/009050.jpg
211	2	6	5	0.06333333333333334	0.0475	0.9566666666666667	0.9575	0.0000	five/005082.jpg
192	2	6	5	0.06333333333333334	0.0475	0.9566666666666667	0.9575	0.0000	five/005063.jpg
1176	2	6	7	0.03333333333333333	0.0225	0.9666666666666667	0.9875	0.0000	zero/000015.jpg
61	2	6	2	0.06	0.0475	0.9533333333333334	0.975	0.0000	eight/008061.jpg
148	2	6	5	0.06333333333333334	0.0475	0.9566666666666667	0.9575	0.0000	five/005019.jpg
368	2	6	1	0.04	0.04	0.9333333333333333	0.9675	0.0000	four/004110.jpg
747	2	6	8	0.06333333333333334	0.045	0.9433333333333334	0.97	0.0000	seven/007102.jpg
842	2	6	0	0.07333333333333333	0.0375	0.97	0.97	0.0000	six/006068.jpg
1132	2	6	4	0.07	0.0275	0.9566666666666667	0.9875	0.0000	two/002100.jpg
70	2	6	2	0.06	0.0475	0.9533333333333334	0.975	0.0000	eight/008070.jpg
544	2	6	9	0.14333333333333334	0.0375	0.9133333333333333	0.9525	0.0000	one/001028.jpg
625	2	6	9	0.14333333333333334	0.0375	0.9133333333333333	0.9525	0.0000	one/001109.jpg
892	2	6	0	0.07333333333333333	0.0375	0.97	0.97	0.0000	six/006118.jpg
307	2	6	1	0.04	0.04	0.9333333333333333	0.9675	0.0000	four/004049.jpg
363	2	6	1	0.04	0.04	0.9333333333333333	0.9675	0.0000	four/004105.jpg
821	2	6	0	0.07333333333333333	0.0375	0.97	0.97	0.0000	six/006047.jpg
91	2	6	2	0.06	0.0475	0.9533333333333334	0.975	0.0000	eight/008091.jpg
711	2	6	8	0.06333333333333334	0.045	0.9433333333333334	0.97	0.0000	seven/007066.jpg
1231	2	6	7	0.03333333333333333	0.0225	0.9666666666666667	0.9875	0.0000	zero/000070.jpg
1278	2	6	7	0.03333333333333333	0.0225	0.9666666666666667	0.9875	0.0000	zero/000117.jpg
565	2	6	9	0.14333333333333334	0.0375	0.9133333333333333	0.9525	0.0000	one/001049.jpg
573	2	6	9	0.14333333333333334	0.0375	0.9133333333333333	0.9525	0.0000	one/001057.jpg
1224	2	6	7	0.03333333333333333	0.0225	0.9666666666666667	0.9875	0.0000	zero/000063.jpg
1032	2	6	4	0.07	0.0275	0.9566666666666667	0.9875	0.0000	two/002000.jpg
241	2	6	5	0.06333333333333334	0.0475	0.9566666666666667	0.9575	0.0000	five/005112.jpg
844	2	6	0	0.07333333333333333	0.0375	0.97	0.97	0.0000	six/006070.jpg
2	2	6	2	0.06	0.0475	0.9533333333333334	0.975	0.0000	eight/008002.jpg
1119	2	6	4	0.07	0.0275	0.9566666666666667	0.9875	0.0000	two/002087.jpg
1228	2	6	7	0.03333333333333333	0.0225	0.9666666666666667	0.9875	0.0000	zero/000067.jpg
424	2	6	6	0.06	0.0625	0.9466666666666667	0.9875	0.0000	nine/009037.jpg
999	2	6	3	0.04666666666666667	0.045	0.95	0.98	0.0000	three/003096.jpg
441	2	6	6	0.06	0.0625	0.9466666666666667	0.9875	0.0000	nine/009054.jpg
117	2	6	2	0.06	0.0475	0.9533333333333334	0.975	0.0000	eight/008117.jpg
1164	2	6	7	0.03333333333333333	0.0225	0.9666666666666667	0.9875	0.0000	zero/000003.jpg
758	2	6	8	0.06333333333333334	0.045	0.9433333333333334	0.97	0.0000	seven/007113.jpg
535	2	6	9	0.14333333333333334	0.0375	0.9133333333333333	0.9525	0.0000	one/001019.jpg
1088	2	6	4	0.07	0.0275	0.9566666666666667	0.9875	0.0000	two/002056.jpg
1170	2	6	7	0.03333333333333333	0.0225	0.9666666666666667	0.9875	0.0000	zero/000009.jpg
570	2	6	9	0.14333333333333334	0.0375	0.9133333333333333	0.9525	0.0000	one/001054.jpg
861	2	6	0	0.07333333333333333	0.0375	0.97	0.97	0.0000	six/006087.jpg
473	2	6	6	0.06	0.0625	0.9466666666666667	0.9875	0.0000	nine/009086.jpg
1029	2	6	3	0.04666666666666667	0.045	0.95	0.98	0.0000	three/003126.jpg
105	2	6	2	0.06	0.0475	0.9533333333333334	0.975	0.0000	eight/008105.jpg
191	2	6	5	0.06333333333333334	0.0475	0.9566666666666667	0.9575	0.0000	five/005062.jpg
1061	2	6	4	0.07	0.0275	0.9566666666666667	0.9875	0.0000	two/002029.jpg
56	2	6	2	0.06	0.0475	0.9533333333333334	0.975	0.0000	eight/008056.jpg
170	2	6	5	0.06333333333333334	0.0475	0.9566666666666667	0.9575	0.0000	five/005041.jpg
857	2	6	0	0.07333333333333333	0.0375	0.97	0.97	0.0000	six/006083.jpg
818	2	6	0	0.07333333333333333	0.0375	0.97	0.97	0.0000	six/006044.jpg
440	2	6	6	0.06	0.0625	0.9466666666666667	0.9875	0.0000	nine/009053.jpg
304	2	6	1	0.04	0.04	0.9333333333333333	0.9675	0.0000	four/004046.jpg
480	2	6	6	0.06	0.0625	0.9466666666666667	0.9875	0.0000	nine/009093.jpg
745	2	6	8	0.06333333333333334	0.045	0.9433333333333334	0.97	0.0000	seven/007100.jpg
334	2	6	1	0.04	0.04	0.9333333333333333	0.9675	0.0000	four/004076.jpg
359	2	6	1	0.04	0.04	0.9333333333333333	0.9675	0.0000	four/004101.jpg
577	2	6	9	0.14333333333333334	0.0375	0.9133333333333333	0.9525	0.0000	one/001061.jpg
138	2	6	5	0.06333333333333334	0.0475	0.9566666666666667	0.9575	0.0000	five/005009.jpg
426	2	6	6	0.06	0.0625	0.9466666666666667	0.9875	0.0000	nine/009039.jpg
1108	2	6	4	0.07	0.0275	0.9566666666666667	0.9875	0.0000	two/002076.jpg
516	2	6	9	0.14333333333333334	0.0375	0.9133333333333333	0.9525	0.0000	one/001000.jpg
13	2	6	2	0.06	0.0475	0.9533333333333334	0.975	0.0000	eight/008013.jpg
1207	2	6	7	0.03333333333333333	0.0225	0.9666666666666667	0.9875	0.0000	zero/000046.jpg
1127	2	6	4	0.07	0.0275	0.9566666666666667	0.9875	0.0000	two/002095.jpg
910	2	6	3	0.04666666666666667	0.045	0.95	0.98	0.0000	three/003007.jpg
1070	2	6	4	0.07	0.0275	0.9566666666666667	0.9875	0.0000	two/002038.jpg
872	2	6	0	0.07333333333333333	0.0375	0.97	0.97	0.0000	six/006098.jpg
296	2	6	1	0.04	0.04	0.9333333333333333	0.9675	0.0000	four/004038.jpg
349	2	6	1	0.04	0.04	0.9333333333333333	0.9675	0.0000	four/004091.jpg
523	2	6	9	0.14333333333333334	0.0375	0.9133333333333333	0.9525	0.0000	one/001007.jpg
832	2	6	0	0.07333333333333333	0.0375	0.97	0.97	0.0000	six/006058.jpg
512	2	6	6	0.06	0.0625	0.9466666666666667	0.9875	0.0000	nine/009125.jpg
462	2	6	6	0.06	0.0625	0.9466666666666667	0.9875	0.0000	nine/009075.jpg
538	2	6	9	0.14333333333333334	0.0375	0.9133333333333333	0.9525	0.0000	one/001022.jpg
766	2	6	8	0.06333333333333334	0.045	0.9433333333333334	0.97	0.0000	seven/007121.jpg
919	2	6	3	0.04666666666666667	0.045	0.95	0.98	0.0000	three/003016.jpg
333	2	6	1	0.04	0.04	0.9333333333333333	0.9675	0.0000	four/004075.jpg
45	2	6	2	0.06	0.0475	0.9533333333333334	0.975	0.0000	eight/008045.jpg
764	2	6	8	0.06333333333333334	0.045	0.9433333333333334	0.97	0.0000	seven/007119.jpg
420	2	6	6	0.06	0.0625	0.9466666666666667	0.9875	0.0000	nine/009033.jpg
155	2	6	5	0.06333333333333334	0.0475	0.9566666666666667	0.9575	0.0000	five/005026.jpg
1269	2	6	7	0.03333333333333333	0.0225	0.9666666666666667	0.9875	0.0000	zero/000108.jpg
112	2	6	2	0.06	0.0475	0.9533333333333334	0.975	0.0000	eight/008112.jpg
1076	2	6	4	0.07	0.0275	0.9566666666666667	0.9875	0.0000	two/002044.jpg
1281	2	6	7	0.03333333333333333	0.0225	0.9666666666666667	0.9875	0.0000	zero/000120.jpg
1016	2	6	3	0.04666666666666667	0.045	0.95	0.98	0.0000	three/003113.jpg
639	2	6	9	0.14333333333333334	0.0375	0.9133333333333333	0.9525	0.0000	one/001123.jpg
455	2	6	6	0.06	0.0625	0.9466666666666667	0.9875	0.0000	nine/009068.jpg
813	2	6	0	0.07333333333333333	0.0375	0.97	0.97	0.0000	six/006039.jpg
403	2	6	6	0.06	0.0625	0.9466666666666667	0.9875	0.0000	nine/009016.jpg
1284	2	6	7	0.03333333333333333	0.0225	0.9666666666666667	0.9875	0.0000	zero/000123.jpg
1261	2	6	7	0.03333333333333333	0.0225	0.9666666666666667	0.9875	0.0000	zero/000100.jpg
263	2	6	1	0.04	0.04	0.9333333333333333	0.9675	0.0000	four/004005.jpg
1130	2	6	4	0.07	0.0275	0.9566666666666667	0.9875	0.0000	two/002098.jpg
848	2	6	0	0.07333333333333333	0.0375	0.97	0.97	0.0000	six/006074.jpg
611	2	6	9	0.14333333333333334	0.0375	0.9133333333333333	0.9525	0.0000	one/001095.jpg
495	2	6	6	0.06	0.0625	0.9466666666666667	0.9875	0.0000	nine/009108.jpg
133	2	6	5	0.06333333333333334	0.0475	0.9566666666666667	0.9575	0.0000	five/005004.jpg
560	2	6	9	0.14333333333333334	0.0375	0.9133333333333333	0.9525	0.0000	one/001044.jpg
1105	2	6	4	0.07	0.0275	0.9566666666666667	0.9875	0.0000	two/002073.jpg
503	2	6	6	0.06	0.0625	0.9466666666666667	0.9875	0.0000	nine/009116.jpg
690	2	6	8	0.06333333333333334	0.045	0.9433333333333334	0.97	0.0000	seven/007045.jpg
66	2	6	2	0.06	0.0475	0.9533333333333334	0.975	0.0000	eight/008066.jpg
1256	2	6	7	0.03333333333333333	0.0225	0.9666666666666667	0.9875	0.0000	zero/000095.jpg
723	2	6	8	0.06333333333333334	0.045	0.9433333333333334	0.97	0.0000	seven/007078.jpg
928	2	6	3	0.04666666666666667	0.045	0.95	0.98	0.0000	three/003025.jpg
549	2	6	9	0.14333333333333334	0.0375	0.9133333333333333	0.9525	0.0000	one/001033.jpg
773	2	6	8	0.06333333333333334	0.045	0.9433333333333334	0.97	0.0000	seven/007128.jpg
442	2	6	6	0.06	0.0625	0.9466666666666667	0.9875	0.0000	nine/009055.jpg
242	2	6	5	0.06333333333333334	0.0475	0.9566666666666667	0.9575	0.0000	five/005113.jpg
1089	2	6	4	0.07	0.0275	0.9566666666666667	0.9875	0.0000	two/002057.jpg
1025	2	6	3	0.04666666666666667	0.045	0.95	0.98	0.0000	three/003122.jpg
1034	2	6	4	0.07	0.0275	0.9566666666666667	0.9875	0.0000	two/002002.jpg
1227	2	6	7	0.03333333333333333	0.0225	0.9666666666666667	0.9875	0.0000	zero/000066.jpg
1241	2	6	7	0.03333333333333333	0.0225	0.9666666666666667	0.9875	0.0000	zero/000080.jpg
1104	2	6	4	0.07	0.0275	0.9566666666666667	0.9875	0.0000	two/002072.jpg
612	2	6	9	0.14333333333333334	0.0375	0.9133333333333333	0.9525	0.0000	one/001096.jpg
232	2	6	5	0.06333333333333334	0.0475	0.9566666666666667	0.9575	0.0000	five/005103.jpg
215	2	6	5	0.06333333333333334	0.0475	0.9566666666666667	0.9575	0.0000	five/005086.jpg
1135	2	6	4	0.07	0.0275	0.9566666666666667	0.9875	0.0000	two/002103.jpg
829	2	6	0	0.07333333333333333	0.0375	0.97	0.97	0.0000	six/006055.jpg
154	2	6	5	0.06333333333333334	0.0475	0.9566666666666667	0.9575	0.0000	five/005025.jpg
739	2	6	8	0.06333333333333334	0.045	0.9433333333333334	0.97	0.0000	seven/007094.jpg
801	2	6	0	0.07333333333333333	0.0375	0.97	0.97	0.0000	six/006027.jpg
1187	2	6	7	0.03333333333333333	0.0225	0.9666666666666667	0.9875	0.0000	zero/000026.jpg
430	2	6	6	0.06	0.0625	0.9466666666666667	0.9875	0.0000	nine/009043.jpg
957	2	6	3	0.04666666666666667	0.045	0.95	0.98	0.0000	three/003054.jpg
474	2	6	6	0.06	0.0625	0.9466666666666667	0.9875	0.0000	nine/009087.jpg
740	2	6	8	0.06333333333333334	0.045	0.9433333333333334	0.97	0.0000	seven/007095.jpg
568	2	6	9	0.14333333333333334	0.0375	0.9133333333333333	0.9525	0.0000	one/001052.jpg
434	2	6	6	0.06	0.0625	0.9466666666666667	0.9875	0.0000	nine/009047.jpg
587	2	6	9	0.14333333333333334	0.0375	0.9133333333333333	0.9525	0.0000	one/001071.jpg
789	2	6	0	0.07333333333333333	0.0375	0.97	0.97	0.0000	six/006015.jpg
152	2	6	5	0.06333333333333334	0.0475	0.9566666666666667	0.9575	0.0000	five/005023.jpg
1057	2	6	4	0.07	0.0275	0.9566666666666667	0.9875	0.0000	two/002025.jpg
699	2	6	8	0.06333333333333334	0.045	0.9433333333333334	0.97	0.0000	seven/007054.jpg
952	2	6	3	0.04666666666666667	0.045	0.95	0.98	0.0000	three/003049.jpg
269	2	6	1	0.04	0.04	0.9333333333333333	0.9675	0.0000	four/004011.jpg
1192	2	6	7	0.03333333333333333	0.0225	0.9666666666666667	0.9875	0.0000	zero/000031.jpg
1253	2	6	7	0.03333333333333333	0.0225	0.9666666666666667	0.9875	0.0000	zero/000092.jpg
65	2	6	2	0.06	0.0475	0.9533333333333334	0.975	0.0000	eight/008065.jpg
255	2	6	5	0.06333333333333334	0.0475	0.9566666666666667	0.9575	0.0000	five/005126.jpg
767	2	6	8	0.06333333333333334	0.045	0.9433333333333334	0.97	0.0000	seven/007122.jpg
827	2	6	0	0.07333333333333333	0.0375	0.97	0.97	0.0000	six/006053.jpg
621	2	6	9	0.14333333333333334	0.0375	0.9133333333333333	0.9525	0.0000	one/001105.jpg
947	2	6	3	0.04666666666666667	0.045	0.95	0.98	0.0000	three/003044.jpg
423	2	6	6	0.06	0.0625	0.9466666666666667	0.9875	0.0000	nine/009036.jpg
201	2	6	5	0.06333333333333334	0.0475	0.9566666666666667	0.9575	0.0000	five/005072.jpg
1166	2	6	7	0.03333333333333333	0.0225	0.9666666666666667	0.9875	0.0000	zero/000005.jpg
527	2	6	9	0.14333333333333334	0.0375	0.9133333333333333	0.9525	0.0000	one/001011.jpg
1019	2	6	3	0.04666666666666667	0.045	0.95	0.98	0.0000	three/003116.jpg
508	2	6	6	0.06	0.0625	0.9466666666666667	0.9875	0.0000	nine/009121.jpg
835	2	6	0	0.07333333333333333	0.0375	0.97	0.97	0.0000	six/006061.jpg
939	2	6	3	0.04666666666666667	0.045	0.95	0.98	0.0000	three/003036.jpg
277	2	6	1	0.04	0.04	0.9333333333333333	0.9675	0.0000	four/004019.jpg
72	2	6	2	0.06	0.0475	0.9533333333333334	0.975	0.0000	eight/008072.jpg
323	2	6	1	0.04	0.04	0.9333333333333333	0.9675	0.0000	four/004065.jpg
90	2	6	2	0.06	0.0475	0.9533333333333334	0.975	0.0000	eight/008090.jpg
513	2	6	6	0.06	0.0625	0.9466666666666667	0.9875	0.0000	nine/009126.jpg
929	2	6	3	0.04666666666666667	0.045	0.95	0.98	0.0000	three/003026.jpg
330	2	6	1	0.04	0.04	0.9333333333333333	0.9675	0.0000	four/004072.jpg
354	2	6	1	0.04	0.04	0.9333333333333333	0.9675	0.0000	four/004096.jpg
450	2	6	6	0.06	0.0625	0.9466666666666667	0.9875	0.0000	nine/009063.jpg
830	2	6	0	0.07333333333333333	0.0375	0.97	0.97	0.0000	six/006056.jpg
127	2	6	2	0.06	0.0475	0.9533333333333334	0.975	0.0000	eight/008127.jpg
41	2	6	2	0.06	0.0475	0.9533333333333334	0.975	0.0000	eight/008041.jpg
885	2	6	0	0.07333333333333333	0.0375	0.97	0.97	0.0000	six/006111.jpg
67	2	6	2	0.06	0.0475	0.9533333333333334	0.975	0.0000	eight/008067.jpg
1264	2	6	7	0.03333333333333333	0.0225	0.9666666666666667	0.9875	0.0000	zero/000103.jpg
676	2	6	8	0.06333333333333334	0.045	0.9433333333333334	0.97	0.0000	seven/007031.jpg
800	2	6	0	0.07333333333333333	0.0375	0.97	0.97	0.0000	six/006026.jpg
551	2	6	9	0.14333333333333334	0.0375	0.9133333333333333	0.9525	0.0000	one/001035.jpg
134	2	6	5	0.06333333333333334	0.0475	0.9566666666666667	0.9575	0.0000	five/005005.jpg
1220	2	6	7	0.03333333333333333	0.0225	0.9666666666666667	0.9875	0.0000	zero/000059.jpg
1255	2	6	7	0.03333333333333333	0.0225	0.9666666666666667	0.9875	0.0000	zero/000094.jpg
1167	2	6	7	0.03333333333333333	0.0225	0.9666666666666667	0.9875	0.0000	zero/000006.jpg
1092	2	6	4	0.07	0.0275	0.9566666666666667	0.9875	0.0000	two/002060.jpg
1129	2	6	4	0.07	0.0275	0.9566666666666667	0.9875	0.0000	two/002097.jpg
837	2	6	0	0.07333333333333333	0.0375	0.97	0.97	0.0000	six/006063.jpg
1153	2	6	4	0.07	0.0275	0.9566666666666667	0.9875	0.0000	two/002121.jpg
807	2	6	0	0.07333333333333333	0.0375	0.97	0.97	0.0000	six/006033.jpg
986	2	6	3	0.04666666666666667	0.045	0.95	0.98	0.0000	three/003083.jpg
1082	2	6	4	0.07	0.0275	0.9566666666666667	0.9875	0.0000	two/002050.jpg
897	2	6	0	0.07333333333333333	0.0375	0.97	0.97	0.0000	six/006123.jpg
1067	2	6	4	0.07	0.0275	0.9566666666666667	0.9875	0.0000	two/002035.jpg
120	2	6	2	0.06	0.0475	0.9533333333333334	0.975	0.0000	eight/008120.jpg
1138	2	6	4	0.07	0.0275	0.9566666666666667	0.9875	0.0000	two/002106.jpg
598	2	6	9	0.14333333333333334	0.0375	0.9133333333333333	0.9525	0.0000	one/001082.jpg
920	2	6	3	0.04666666666666667	0.045	0.95	0.98	0.0000	three/003017.jpg
1094	2	6	4	0.07	0.0275	0.9566666666666667	0.9875	0.0000	two/002062.jpg
559	2	6	9	0.14333333333333334	0.0375	0.9133333333333333	0.9525	0.0000	one/001043.jpg
223	2	6	5	0.06333333333333334	0.0475	0.9566666666666667	0.9575	0.0000	five/005094.jpg
1155	2	6	4	0.07	0.0275	0.9566666666666667	0.9875	0.0000	two/002123.jpg
1189	2	6	7	0.03333333333333333	0.0225	0.9666666666666667	0.9875	0.0000	zero/000028.jpg
658	2	6	8	0.06333333333333334	0.045	0.9433333333333334	0.97	0.0000	seven/007013.jpg
299	2	6	1	0.04	0.04	0.9333333333333333	0.9675	0.0000	four/004041.jpg
905	2	6	3	0.04666666666666667	0.045	0.95	0.98	0.0000	three/003002.jpg
1006	2	6	3	0.04666666666666667	0.045	0.95	0.98	0.0000	three/003103.jpg
327	2	6	1	0.04	0.04	0.9333333333333333	0.9675	0.0000	four/004069.jpg
862	2	6	0	0.07333333333333333	0.0375	0.97	0.97	0.0000	six/006088.jpg
955	2	6	3	0.04666666666666667	0.045	0.95	0.98	0.0000	three/003052.jpg
1204	2	6	7	0.03333333333333333	0.0225	0.9666666666666667	0.9875	0.0000	zero/000043.jpg
741	2	6	8	0.06333333333333334	0.045	0.9433333333333334	0.97	0.0000	seven/007096.jpg
229	2	6	5	0.06333333333333334	0.0475	0.9566666666666667	0.9575	0.0000	five/005100.jpg
362	2	6	1	0.04	0.04	0.9333333333333333	0.9675	0.0000	four/004104.jpg
1156	2	6	4	0.07	0.0275	0.9566666666666667	0.9875	0.0000	two/002124.jpg
378	2	6	1	0.04	0.04	0.9333333333333333	0.9675	0.0000	four/004120.jpg
54	2	6	2	0.06	0.0475	0.9533333333333334	0.975	0.0000	eight/008054.jpg
305	2	6	1	0.04	0.04	0.9333333333333333	0.9675	0.0000	four/004047.jpg
1141	2	6	4	0.07	0.0275	0.9566666666666667	0.9875	0.0000	two/002109.jpg
580	2	6	9	0.14333333333333334	0.0375	0.9133333333333333	0.9525	0.0000	one/001064.jpg
1121	2	6	4	0.07	0.0275	0.9566666666666667	0.9875	0.0000	two/002089.jpg
1265	2	6	7	0.03333333333333333	0.0225	0.9666666666666667	0.9875	0.0000	zero/000104.jpg
968	2	6	3	0.04666666666666667	0.045	0.95	0.98	0.0000	three/003065.jpg
681	2	6	8	0.06333333333333334	0.045	0.9433333333333334	0.97	0.0000	seven/007036.jpg
1177	2	6	7	0.03333333333333333	0.0225	0.9666666666666667	0.9875	0.0000	zero/000016.jpg
1017	2	6	3	0.04666666666666667	0.045	0.95	0.98	0.0000	three/003114.jpg
785	2	6	0	0.07333333333333333	0.0375	0.97	0.97	0.0000	six/006011.jpg
600	2	6	9	0.14333333333333334	0.0375	0.9133333333333333	0.9525	0.0000	one/001084.jpg
816	2	6	0	0.07333333333333333	0.0375	0.97	0.97	0.0000	six/006042.jpg
411	2	6	6	0.06	0.0625	0.9466666666666667	0.9875	0.0000	nine/009024.jpg
49	2	6	2	0.06	0.0475	0.9533333333333334	0.975	0.0000	eight/008049.jpg
1280	2	6	7	0.03333333333333333	0.0225	0.9666666666666667	0.9875	0.0000	zero/000119.jpg
249	2	6	5	0.06333333333333334	0.0475	0.9566666666666667	0.9575	0.0000	five/005120.jpg
650	2	6	8	0.06333333333333334	0.045	0.9433333333333334	0.97	0.0000	seven/007005.jpg
993	2	6	3	0.04666666666666667	0.045	0.95	0.98	0.0000	three/003090.jpg
967	2	6	3	0.04666666666666667	0.045	0.95	0.98	0.0000	three/003064.jpg
1021	2	6	3	0.04666666666666667	0.045	0.95	0.98	0.0000	three/003118.jpg
685	2	6	8	0.06333333333333334	0.045	0.9433333333333334	0.97	0.0000	seven/007040.jpg
918	2	6	3	0.04666666666666667	0.045	0.95	0.98	0.0000	three/003015.jpg
459	2	6	6	0.06	0.0625	0.9466666666666667	0.9875	0.0000	nine/009072.jpg
1260	2	6	7	0.03333333333333333	0.0225	0.9666666666666667	0.9875	0.0000	zero/000099.jpg
695	2	6	8	0.06333333333333334	0.045	0.9433333333333334	0.97	0.0000	seven/007050.jpg
620	2	6	9	0.14333333333333334	0.0375	0.9133333333333333	0.9525	0.0000	one/001104.jpg
770	2	6	8	0.06333333333333334	0.045	0.9433333333333334	0.97	0.0000	seven/007125.jpg
901	2	6	0	0.07333333333333333	0.0375	0.97	0.97	0.0000	six/006127.jpg
388	2	6	6	0.06	0.0625	0.9466666666666667	0.9875	0.0000	nine/009001.jpg
132	2	6	5	0.06333333333333334	0.0475	0.9566666666666667	0.9575	0.0000	five/005003.jpg
748	2	6	8	0.06333333333333334	0.045	0.9433333333333334	0.97	0.0000	seven/007103.jpg
776	2	6	0	0.07333333333333333	0.0375	0.97	0.97	0.0000	six/006002.jpg
1056	2	6	4	0.07	0.0275	0.9566666666666667	0.9875	0.0000	two/002024.jpg
808	2	6	0	0.07333333333333333	0.0375	0.97	0.97	0.0000	six/006034.jpg
908	2	6	3	0.04666666666666667	0.045	0.95	0.98	0.0000	three/003005.jpg
204	2	6	5	0.06333333333333334	0.0475	0.9566666666666667	0.9575	0.0000	five/005075.jpg
833	2	6	0	0.07333333333333333	0.0375	0.97	0.97	0.0000	six/006059.jpg
488	2	6	6	0.06	0.0625	0.9466666666666667	0.9875	0.0000	nine/009101.jpg
752	2	6	8	0.06333333333333334	0.045	0.9433333333333334	0.97	0.0000	seven/007107.jpg
168	2	6	5	0.06333333333333334	0.0475	0.9566666666666667	0.9575	0.0000	five/005039.jpg
15	2	6	2	0.06	0.0475	0.9533333333333334	0.975	0.0000	eight/008015.jpg
972	2	6	3	0.04666666666666667	0.045	0.95	0.98	0.0000	three/003069.jpg
350	2	6	1	0.04	0.04	0.9333333333333333	0.9675	0.0000	four/004092.jpg
1048	2	6	4	0.07	0.0275	0.9566666666666667	0.9875	0.0000	two/002016.jpg
581	2	6	9	0.14333333333333334	0.0375	0.9133333333333333	0.9525	0.0000	one/001065.jpg
1252	2	6	7	0.03333333333333333	0.0225	0.9666666666666667	0.9875	0.0000	zero/000091.jpg
52	2	6	2	0.06	0.0475	0.9533333333333334	0.975	0.0000	eight/008052.jpg
1050	2	6	4	0.07	0.0275	0.9566666666666667	0.9875	0.0000	two/002018.jpg
197	2	6	5	0.06333333333333334	0.0475	0.9566666666666667	0.9575	0.0000	five/005068.jpg
547	2	6	9	0.14333333333333334	0.0375	0.9133333333333333	0.9525	0.0000	one/001031.jpg
619	2	6	9	0.14333333333333334	0.0375	0.9133333333333333	0.9525	0.0000	one/001103.jpg
33	2	6	2	0.06	0.0475	0.9533333333333334	0.975	0.0000	eight/008033.jpg
815	2	6	0	0.07333333333333333	0.0375	0.97	0.97	0.0000	six/006041.jpg
1002	2	6	3	0.04666666666666667	0.045	0.95	0.98	0.0000	three/003099.jpg
130	2	6	5	0.06333333333333334	0.0475	0.9566666666666667	0.9575	0.0000	five/005001.jpg
596	2	6	9	0.14333333333333334	0.0375	0.9133333333333333	0.9525	0.0000	one/001080.jpg
1171	2	6	7	0.03333333333333333	0.0225	0.9666666666666667	0.9875	0.0000	zero/000010.jpg
1080	2	6	4	0.07	0.0275	0.9566666666666667	0.9875	0.0000	two/002048.jpg
781	2	6	0	0.07333333333333333	0.0375	0.97	0.97	0.0000	six/006007.jpg
1084	2	6	4	0.07	0.0275	0.9566666666666667	0.9875	0.0000	two/002052.jpg
689	2	6	8	0.06333333333333334	0.045	0.9433333333333334	0.97	0.0000	seven/007044.jpg
536	2	6	9	0.14333333333333334	0.0375	0.9133333333333333	0.9525	0.0000	one/001020.jpg
236	2	6	5	0.06333333333333334	0.0475	0.9566666666666667	0.9575	0.0000	five/005107.jpg
951	2	6	3	0.04666666666666667	0.045	0.95	0.98	0.0000	three/003048.jpg
1215	2	6	7	0.03333333333333333	0.0225	0.9666666666666667	0.9875	0.0000	zero/000054.jpg
80	2	6	2	0.06	0.0475	0.9533333333333334	0.975	0.0000	eight/008080.jpg
796	2	6	0	0.07333333333333333	0.0375	0.97	0.97	0.0000	six/006022.jpg
250	2	6	5	0.06333333333333334	0.0475	0.9566666666666667	0.9575	0.0000	five/005121.jpg
18	2	6	2	0.06	0.0475	0.9533333333333334	0.975	0.0000	eight/008018.jpg
675	2	6	8	0.06333333333333334	0.045	0.9433333333333334	0.97	0.0000	seven/007030.jpg
652	2	6	8	0.06333333333333334	0.045	0.9433333333333334	0.97	0.0000	seven/007007.jpg
58	2	6	2	0.06	0.0475	0.9533333333333334	0.975	0.0000	eight/008058.jpg
55	2	6	2	0.06	0.0475	0.9533333333333334	0.975	0.0000	eight/008055.jpg
230	2	6	5	0.06333333333333334	0.0475	0.9566666666666667	0.9575	0.0000	five/005101.jpg
109	2	6	2	0.06	0.0475	0.9533333333333334	0.975	0.0000	eight/008109.jpg
1054	2	6	4	0.07	0.0275	0.9566666666666667	0.9875	0.0000	two/002022.jpg
1142	2	6	4	0.07	0.0275	0.9566666666666667	0.9875	0.0000	two/002110.jpg
708	2	6	8	0.06333333333333334	0.045	0.9433333333333334	0.97	0.0000	seven/007063.jpg
836	2	6	0	0.07333333333333333	0.0375	0.97	0.97	0.0000	six/006062.jpg
1085	2	6	4	0.07	0.0275	0.9566666666666667	0.9875	0.0000	two/002053.jpg
30	2	6	2	0.06	0.0475	0.9533333333333334	0.975	0.0000	eight/008030.jpg
1263	2	6	7	0.03333333333333333	0.0225	0.9666666666666667	0.9875	0.0000	zero/000102.jpg
894	2	6	0	0.07333333333333333	0.0375	0.97	0.97	0.0000	six/006120.jpg
1097	2	6	4	0.07	0.0275	0.9566666666666667	0.9875	0.0000	two/002065.jpg
526	2	6	9	0.14333333333333334	0.0375	0.9133333333333333	0.9525	0.0000	one/001010.jpg
684	2	6	8	0.06333333333333334	0.045	0.9433333333333334	0.97	0.0000	seven/007039.jpg
270	2	6	1	0.04	0.04	0.9333333333333333	0.9675	0.0000	four/004012.jpg
153	2	6	5	0.06333333333333334	0.0475	0.9566666666666667	0.9575	0.0000	five/005024.jpg
12	2	6	2	0.06	0.0475	0.9533333333333334	0.975	0.0000	eight/008012.jpg
1012	2	6	3	0.04666666666666667	0.045	0.95	0.98	0.0000	three/003109.jpg
645	2	6	8	0.06333333333333334	0.045	0.9433333333333334	0.97	0.0000	seven/007000.jpg
915	2	6	3	0.04666666666666667	0.045	0.95	0.98	0.0000	three/003012.jpg
8	2	6	2	0.06	0.0475	0.9533333333333334	0.975	0.0000	eight/008008.jpg
292	2	6	1	0.04	0.04	0.9333333333333333	0.9675	0.0000	four/004034.jpg
48	2	6	2	0.06	0.0475	0.9533333333333334	0.975	0.0000	eight/008048.jpg
86	2	6	2	0.06	0.0475	0.9533333333333334	0.975	0.0000	eight/008086.jpg
344	2	6	1	0.04	0.04	0.9333333333333333	0.9675	0.0000	four/004086.jpg
24	2	6	2	0.06	0.0475	0.9533333333333334	0.975	0.0000	eight/008024.jpg
1040	2	6	4	0.07	0.0275	0.9566666666666667	0.9875	0.0000	two/002008.jpg
529	2	6	9	0.14333333333333334	0.0375	0.9133333333333333	0.9525	0.0000	one/001013.jpg
925	2	6	3	0.04666666666666667	0.045	0.95	0.98	0.0000	three/003022.jpg
84	2	6	2	0.06	0.0475	0.9533333333333334	0.975	0.0000	eight/008084.jpg
281	2	6	1	0.04	0.04	0.9333333333333333	0.9675	0.0000	four/004023.jpg
714	2	6	8	0.06333333333333334	0.045	0.9433333333333334	0.97	0.0000	seven/007069.jpg
1109	2	6	4	0.07	0.0275	0.9566666666666667	0.9875	0.0000	two/002077.jpg
734	2	6	8	0.06333333333333334	0.045	0.9433333333333334	0.97	0.0000	seven/007089.jpg
575	2	6	9	0.14333333333333334	0.0375	0.9133333333333333	0.9525	0.0000	one/001059.jpg
331	2	6	1	0.04	0.04	0.9333333333333333	0.9675	0.0000	four/004073.jpg
384	2	6	1	0.04	0.04	0.9333333333333333	0.9675	0.0000	four/004126.jpg
422	2	6	6	0.06	0.0625	0.9466666666666667	0.9875	0.0000	nine/009035.jpg
1205	2	6	7	0.03333333333333333	0.0225	0.9666666666666667	0.9875	0.0000	zero/000044.jpg
395	2	6	6	0.06	0.0625	0.9466666666666667	0.9875	0.0000	nine/009008.jpg
569	2	6	9	0.14333333333333334	0.0375	0.9133333333333333	0.9525	0.0000	one/001053.jpg
879	2	6	0	0.07333333333333333	0.0375	0.97	0.97	0.0000	six/006105.jpg
137	2	6	5	0.06333333333333334	0.0475	0.9566666666666667	0.9575	0.0000	five/005008.jpg
674	2	6	8	0.06333333333333334	0.045	0.9433333333333334	0.97	0.0000	seven/007029.jpg
501	2	6	6	0.06	0.0625	0.9466666666666667	0.9875	0.0000	nine/009114.jpg
366	2	6	1	0.04	0.04	0.9333333333333333	0.9675	0.0000	four/004108.jpg
373	2	6	1	0.04	0.04	0.9333333333333333	0.9675	0.0000	four/004115.jpg
340	2	6	1	0.04	0.04	0.9333333333333333	0.9675	0.0000	four/004082.jpg
1213	2	6	7	0.03333333333333333	0.0225	0.9666666666666667	0.9875	0.0000	zero/000052.jpg
1123	2	6	4	0.07	0.0275	0.9566666666666667	0.9875	0.0000	two/002091.jpg
1144	2	6	4	0.07	0.0275	0.9566666666666667	0.9875	0.0000	two/002112.jpg
761	2	6	8	0.06333333333333334	0.045	0.9433333333333334	0.97	0.0000	seven/007116.jpg
385	2	6	1	0.04	0.04	0.9333333333333333	0.9675	0.0000	four/004127.jpg
1043	2	6	4	0.07	0.0275	0.9566666666666667	0.9875	0.0000	two/002011.jpg
64	2	6	2	0.06	0.0475	0.9533333333333334	0.975	0.0000	eight/008064.jpg
1001	2	6	3	0.04666666666666667	0.045	0.95	0.98	0.0000	three/003098.jpg
309	2	6	1	0.04	0.04	0.9333333333333333	0.9675	0.0000	four/004051.jpg
1112	2	6	4	0.07	0.0275	0.9566666666666667	0.9875	0.0000	two/002080.jpg
1099	2	6	4	0.07	0.0275	0.9566666666666667	0.9875	0.0000	two/002067.jpg
678	2	6	8	0.06333333333333334	0.045	0.9433333333333334	0.97	0.0000	seven/007033.jpg
1250	2	6	7	0.03333333333333333	0.0225	0.9666666666666667	0.9875	0.0000	zero/000089.jpg
36	2	6	2	0.06	0.0475	0.9533333333333334	0.975	0.0000	eight/008036.jpg
783	2	6	0	0.07333333333333333	0.0375	0.97	0.97	0.0000	six/006009.jpg
691	2	6	8	0.06333333333333334	0.045	0.9433333333333334	0.97	0.0000	seven/007046.jpg
558	2	6	9	0.14333333333333334	0.0375	0.9133333333333333	0.9525	0.0000	one/001042.jpg
338	2	6	1	0.04	0.04	0.9333333333333333	0.9675	0.0000	four/004080.jpg
1185	2	6	7	0.03333333333333333	0.0225	0.9666666666666667	0.9875	0.0000	zero/000024.jpg
579	2	6	9	0.14333333333333334	0.0375	0.9133333333333333	0.9525	0.0000	one/001063.jpg
196	2	6	5	0.06333333333333334	0.0475	0.9566666666666667	0.9575	0.0000	five/005067.jpg
1096	2	6	4	0.07	0.0275	0.9566666666666667	0.9875	0.0000	two/002064.jpg
102	2	6	2	0.06	0.0475	0.9533333333333334	0.975	0.0000	eight/008102.jpg
974	2	6	3	0.04666666666666667	0.045	0.95	0.98	0.0000	three/003071.jpg
1047	2	6	4	0.07	0.0275	0.9566666666666667	0.9875	0.0000	two/002015.jpg
876	2	6	0	0.07333333333333333	0.0375	0.97	0.97	0.0000	six/006102.jpg
629	2	6	9	0.14333333333333334	0.0375	0.9133333333333333	0.9525	0.0000	one/001113.jpg
605	2	6	9	0.14333333333333334	0.0375	0.9133333333333333	0.9525	0.0000	one/001089.jpg
890	2	6	0	0.07333333333333333	0.0375	0.97	0.97	0.0000	six/006116.jpg
932	2	6	3	0.04666666666666667	0.045	0.95	0.98	0.0000	three/003029.jpg
902	2	6	0	0.07333333333333333	0.0375	0.97	0.97	0.0000	six/006128.jpg
698	2	6	8	0.06333333333333334	0.045	0.9433333333333334	0.97	0.0000	seven/007053.jpg
1058	2	6	4	0.07	0.0275	0.9566666666666667	0.9875	0.0000	two/002026.jpg
190	2	6	5	0.06333333333333334	0.0475	0.9566666666666667	0.9575	0.0000	five/005061.jpg
724	2	6	8	0.06333333333333334	0.045	0.9433333333333334	0.97	0.0000	seven/007079.jpg
924	2	6	3	0.04666666666666667	0.045	0.95	0.98	0.0000	three/003021.jpg
189	2	6	5	0.06333333333333334	0.0475	0.9566666666666667	0.9575	0.0000	five/005060.jpg
893	2	6	0	0.07333333333333333	0.0375	0.97	0.97	0.0000	six/006119.jpg
1266	2	6	7	0.03333333333333333	0.0225	0.9666666666666667	0.9875	0.0000	zero/000105.jpg
10	2	6	2	0.06	0.0475	0.9533333333333334	0.975	0.0000	eight/008010.jpg
662	2	6	8	0.06333333333333334	0.045	0.9433333333333334	0.97	0.0000	seven/007017.jpg
39	2	6	2	0.06	0.0475	0.9533333333333334	0.975	0.0000	eight/008039.jpg
399	2	6	6	0.06	0.0625	0.9466666666666667	0.9875	0.0000	nine/009012.jpg
667	2	6	8	0.06333333333333334	0.045	0.9433333333333334	0.97	0.0000	seven/007022.jpg
1100	2	6	4	0.07	0.0275	0.9566666666666667	0.9875	0.0000	two/002068.jpg
959	2	6	3	0.04666666666666667	0.045	0.95	0.98	0.0000	three/003056.jpg
1148	2	6	4	0.07	0.0275	0.9566666666666667	0.9875	0.0000	two/002116.jpg
963	2	6	3	0.04666666666666667	0.045	0.95	0.98	0.0000	three/003060.jpg
694	2	6	8	0.06333333333333334	0.045	0.9433333333333334	0.97	0.0000	seven/007049.jpg
906	2	6	3	0.04666666666666667	0.045	0.95	0.98	0.0000	three/003003.jpg
265	2	6	1	0.04	0.04	0.9333333333333333	0.9675	0.0000	four/004007.jpg
643	2	6	9	0.14333333333333334	0.0375	0.9133333333333333	0.9525	0.0000	one/001127.jpg
561	2	6	9	0.14333333333333334	0.0375	0.9133333333333333	0.9525	0.0000	one/001045.jpg
553	2	6	9	0.14333333333333334	0.0375	0.9133333333333333	0.9525	0.0000	one/001037.jpg
1230	2	6	7	0.03333333333333333	0.0225	0.9666666666666667	0.9875	0.0000	zero/000069.jpg
429	2	6	6	0.06	0.0625	0.9466666666666667	0.9875	0.0000	nine/009042.jpg
51	2	6	2	0.06	0.0475	0.9533333333333334	0.975	0.0000	eight/008051.jpg
185	2	6	5	0.06333333333333334	0.0475	0.9566666666666667	0.9575	0.0000	five/005056.jpg
467	2	6	6	0.06	0.0625	0.9466666666666667	0.9875	0.0000	nine/009080.jpg
945	2	6	3	0.04666666666666667	0.045	0.95	0.98	0.0000	three/003042.jpg
347	2	6	1	0.04	0.04	0.9333333333333333	0.9675	0.0000	four/004089.jpg
3	2	6	2	0.06	0.0475	0.9533333333333334	0.975	0.0000	eight/008003.jpg
597	2	6	9	0.14333333333333334	0.0375	0.9133333333333333	0.9525	0.0000	one/001081.jpg
718	2	6	8	0.06333333333333334	0.045	0.9433333333333334	0.97	0.0000	seven/007073.jpg
1095	2	6	4	0.07	0.0275	0.9566666666666667	0.9875	0.0000	two/002063.jpg
447	2	6	6	0.06	0.0625	0.9466666666666667	0.9875	0.0000	nine/009060.jpg
355	2	6	1	0.04	0.04	0.9333333333333333	0.9675	0.0000	four/004097.jpg
93	2	6	2	0.06	0.0475	0.9533333333333334	0.975	0.0000	eight/008093.jpg
100	2	6	2	0.06	0.0475	0.9533333333333334	0.975	0.0000	eight/008100.jpg
954	2	6	3	0.04666666666666667	0.045	0.95	0.98	0.0000	three/003051.jpg
1240	2	6	7	0.03333333333333333	0.0225	0.9666666666666667	0.9875	0.0000	zero/000079.jpg
567	2	6	9	0.14333333333333334	0.0375	0.9133333333333333	0.9525	0.0000	one/001051.jpg
557	2	6	9	0.14333333333333334	0.0375	0.9133333333333333	0.9525	0.0000	one/001041.jpg
35	2	6	2	0.06	0.0475	0.9533333333333334	0.975	0.0000	eight/008035.jpg
1221	2	6	7	0.03333333333333333	0.0225	0.9666666666666667	0.9875	0.0000	zero/000060.jpg
324	2	6	1	0.04	0.04	0.9333333333333333	0.9675	0.0000	four/004066.jpg
1073	2	6	4	0.07	0.0275	0.9566666666666667	0.9875	0.0000	two/002041.jpg
759	2	6	8	0.06333333333333334	0.045	0.9433333333333334	0.97	0.0000	seven/007114.jpg
1068	2	6	4	0.07	0.0275	0.9566666666666667	0.9875	0.0000	two/002036.jpg
784	2	6	0	0.07333333333333333	0.0375	0.97	0.97	0.0000	six/006010.jpg
1065	2	6	4	0.07	0.0275	0.9566666666666667	0.9875	0.0000	two/002033.jpg
151	2	6	5	0.06333333333333334	0.0475	0.9566666666666667	0.9575	0.0000	five/005022.jpg
583	2	6	9	0.14333333333333334	0.0375	0.9133333333333333	0.9525	0.0000	one/001067.jpg
886	2	6	0	0.07333333333333333	0.0375	0.97	0.97	0.0000	six/006112.jpg
582	2	6	9	0.14333333333333334	0.0375	0.9133333333333333	0.9525	0.0000	one/001066.jpg
562	2	6	9	0.14333333333333334	0.0375	0.9133333333333333	0.9525	0.0000	one/001046.jpg
1283	2	6	7	0.03333333333333333	0.0225	0.9666666666666667	0.9875	0.0000	zero/000122.jpg
841	2	6	0	0.07333333333333333	0.0375	0.97	0.97	0.0000	six/006067.jpg
469	2	6	6	0.06	0.0625	0.9466666666666667	0.9875	0.0000	nine/009082.jpg
969	2	6	3	0.04666666666666667	0.045	0.95	0.98	0.0000	three/003066.jpg
913	2	6	3	0.04666666666666667	0.045	0.95	0.98	0.0000	three/003010.jpg
1225	2	6	7	0.03333333333333333	0.0225	0.9666666666666667	0.9875	0.0000	zero/000064.jpg
943	2	6	3	0.04666666666666667	0.045	0.95	0.98	0.0000	three/003040.jpg
1180	2	6	7	0.03333333333333333	0.0225	0.9666666666666667	0.9875	0.0000	zero/000019.jpg
73	2	6	2	0.06	0.0475	0.9533333333333334	0.975	0.0000	eight/008073.jpg
312	2	6	1	0.04	0.04	0.9333333333333333	0.9675	0.0000	four/004054.jpg
606	2	6	9	0.14333333333333334	0.0375	0.9133333333333333	0.9525	0.0000	one/001090.jpg
465	2	6	6	0.06	0.0625	0.9466666666666667	0.9875	0.0000	nine/009078.jpg
891	2	6	0	0.07333333333333333	0.0375	0.97	0.97	0.0000	six/006117.jpg
1211	2	6	7	0.03333333333333333	0.0225	0.9666666666666667	0.9875	0.0000	zero/000050.jpg
572	2	6	9	0.14333333333333334	0.0375	0.9133333333333333	0.9525	0.0000	one/001056.jpg
63	2	6	2	0.06	0.0475	0.9533333333333334	0.975	0.0000	eight/008063.jpg
175	2	6	5	0.06333333333333334	0.0475	0.9566666666666667	0.9575	0.0000	five/005046.jpg
205	2	6	5	0.06333333333333334	0.0475	0.9566666666666667	0.9575	0.0000	five/005076.jpg
1262	2	6	7	0.03333333333333333	0.0225	0.9666666666666667	0.9875	0.0000	zero/000101.jpg
478	2	6	6	0.06	0.0625	0.9466666666666667	0.9875	0.0000	nine/009091.jpg
863	2	6	0	0.07333333333333333	0.0375	0.97	0.97	0.0000	six/006089.jpg
622	2	6	9	0.14333333333333334	0.0375	0.9133333333333333	0.9525	0.0000	one/001106.jpg
912	2	6	3	0.04666666666666667	0.045	0.95	0.98	0.0000	three/003009.jpg
187	2	6	5	0.06333333333333334	0.0475	0.9566666666666667	0.9575	0.0000	five/005058.jpg
1237	2	6	7	0.03333333333333333	0.0225	0.9666666666666667	0.9875	0.0000	zero/000076.jpg
121	2	6	2	0.06	0.0475	0.9533333333333334	0.975	0.0000	eight/008121.jpg
847	2	6	0	0.07333333333333333	0.0375	0.97	0.97	0.0000	six/006073.jpg
871	2	6	0	0.07333333333333333	0.0375	0.97	0.97	0.0000	six/006097.jpg
1115	2	6	4	0.07	0.0275	0.9566666666666667	0.9875	0.0000	two/002083.jpg
283	2	6	1	0.04	0.04	0.9333333333333333	0.9675	0.0000	four/004025.jpg
709	2	6	8	0.06333333333333334	0.045	0.9433333333333334	0.97	0.0000	seven/007064.jpg
336	2	6	1	0.04	0.04	0.9333333333333333	0.9675	0.0000	four/004078.jpg
790	2	6	0	0.07333333333333333	0.0375	0.97	0.97	0.0000	six/006016.jpg
414	2	6	6	0.06	0.0625	0.9466666666666667	0.9875	0.0000	nine/009027.jpg
769	2	6	8	0.06333333333333334	0.045	0.9433333333333334	0.97	0.0000	seven/007124.jpg
1182	2	6	7	0.03333333333333333	0.0225	0.9666666666666667	0.9875	0.0000	zero/000021.jpg
730	2	6	8	0.06333333333333334	0.045	0.9433333333333334	0.97	0.0000	seven/007085.jpg
528	2	6	9	0.14333333333333334	0.0375	0.9133333333333333	0.9525	0.0000	one/001012.jpg
720	2	6	8	0.06333333333333334	0.045	0.9433333333333334	0.97	0.0000	seven/007075.jpg
493	2	6	6	0.06	0.0625	0.9466666666666667	0.9875	0.0000	nine/009106.jpg
436	2	6	6	0.06	0.0625	0.9466666666666667	0.9875	0.0000	nine/009049.jpg
647	2	6	8	0.06333333333333334	0.045	0.9433333333333334	0.97	0.0000	seven/007002.jpg
1197	2	6	7	0.03333333333333333	0.0225	0.9666666666666667	0.9875	0.0000	zero/000036.jpg
637	2	6	9	0.14333333333333334	0.0375	0.9133333333333333	0.9525	0.0000	one/001121.jpg
988	2	6	3	0.04666666666666667	0.045	0.95	0.98	0.0000	three/003085.jpg
31	2	6	2	0.06	0.0475	0.9533333333333334	0.975	0.0000	eight/008031.jpg
828	2	6	0	0.07333333333333333	0.0375	0.97	0.97	0.0000	six/006054.jpg
592	2	6	9	0.14333333333333334	0.0375	0.9133333333333333	0.9525	0.0000	one/001076.jpg
1079	2	6	4	0.07	0.0275	0.9566666666666667	0.9875	0.0000	two/002047.jpg
1055	2	6	4	0.07	0.0275	0.9566666666666667	0.9875	0.0000	two/002023.jpg
574	2	6	9	0.14333333333333334	0.0375	0.9133333333333333	0.9525	0.0000	one/001058.jpg
306	2	6	1	0.04	0.04	0.9333333333333333	0.9675	0.0000	four/004048.jpg
496	2	6	6	0.06	0.0625	0.9466666666666667	0.9875	0.0000	nine/009109.jpg
291	2	6	1	0.04	0.04	0.9333333333333333	0.9675	0.0000	four/004033.jpg
290	2	6	1	0.04	0.04	0.9333333333333333	0.9675	0.0000	four/004032.jpg
235	2	6	5	0.06333333333333334	0.0475	0.9566666666666667	0.9575	0.0000	five/005106.jpg
635	2	6	9	0.14333333333333334	0.0375	0.9133333333333333	0.9525	0.0000	one/001119.jpg
778	2	6	0	0.07333333333333333	0.0375	0.97	0.97	0.0000	six/006004.jpg
648	2	6	8	0.06333333333333334	0.045	0.9433333333333334	0.97	0.0000	seven/007003.jpg
176	2	6	5	0.06333333333333334	0.0475	0.9566666666666667	0.9575	0.0000	five/005047.jpg
361	2	6	1	0.04	0.04	0.9333333333333333	0.9675	0.0000	four/004103.jpg
412	2	6	6	0.06	0.0625	0.9466666666666667	0.9875	0.0000	nine/009025.jpg
145	2	6	5	0.06333333333333334	0.0475	0.9566666666666667	0.9575	0.0000	five/005016.jpg
479	2	6	6	0.06	0.0625	0.9466666666666667	0.9875	0.0000	nine/009092.jpg
482	2	6	6	0.06	0.0625	0.9466666666666667	0.9875	0.0000	nine/009095.jpg
406	2	6	6	0.06	0.0625	0.9466666666666667	0.9875	0.0000	nine/009019.jpg
150	2	6	5	0.06333333333333334	0.0475	0.9566666666666667	0.9575	0.0000	five/005021.jpg
942	2	6	3	0.04666666666666667	0.045	0.95	0.98	0.0000	three/003039.jpg
1210	2	6	7	0.03333333333333333	0.0225	0.9666666666666667	0.9875	0.0000	zero/000049.jpg
869	2	6	0	0.07333333333333333	0.0375	0.97	0.97	0.0000	six/006095.jpg
238	2	6	5	0.06333333333333334	0.0475	0.9566666666666667	0.9575	0.0000	five/005109.jpg
649	2	6	8	0.06333333333333334	0.045	0.9433333333333334	0.97	0.0000	seven/007004.jpg
519	2	6	9	0.14333333333333334	0.0375	0.9133333333333333	0.9525	0.0000	one/001003.jpg
995	2	6	3	0.04666666666666667	0.045	0.95	0.98	0.0000	three/003092.jpg
840	2	6	0	0.07333333333333333	0.0375	0.97	0.97	0.0000	six/006066.jpg
160	2	6	5	0.06333333333333334	0.0475	0.9566666666666667	0.9575	0.0000	five/005031.jpg
104	2	6	2	0.06	0.0475	0.9533333333333334	0.975	0.0000	eight/008104.jpg
940	2	6	3	0.04666666666666667	0.045	0.95	0.98	0.0000	three/003037.jpg
1027	2	6	3	0.04666666666666667	0.045	0.95	0.98	0.0000	three/003124.jpg
1257	2	6	7	0.03333333333333333	0.0225	0.9666666666666667	0.9875	0.0000	zero/000096.jpg
660	2	6	8	0.06333333333333334	0.045	0.9433333333333334	0.97	0.0000	seven/007015.jpg
1020	2	6	3	0.04666666666666667	0.045	0.95	0.98	0.0000	three/003117.jpg
787	2	6	0	0.07333333333333333	0.0375	0.97	0.97	0.0000	six/006013.jpg
636	2	6	9	0.14333333333333334	0.0375	0.9133333333333333	0.9525	0.0000	one/001120.jpg
1042	2	6	4	0.07	0.0275	0.9566666666666667	0.9875	0.0000	two/002010.jpg
1251	2	6	7	0.03333333333333333	0.0225	0.9666666666666667	0.9875	0.0000	zero/000090.jpg
588	2	6	9	0.14333333333333334	0.0375	0.9133333333333333	0.9525	0.0000	one/001072.jpg
899	2	6	0	0.07333333333333333	0.0375	0.97	0.97	0.0000	six/006125.jpg
1152	2	6	4	0.07	0.0275	0.9566666666666667	0.9875	0.0000	two/002120.jpg
670	2	6	8	0.06333333333333334	0.045	0.9433333333333334	0.97	0.0000	seven/007025.jpg
206	2	6	5	0.06333333333333334	0.0475	0.9566666666666667	0.9575	0.0000	five/005077.jpg
604	2	6	9	0.14333333333333334	0.0375	0.9133333333333333	0.9525	0.0000	one/001088.jpg
732	2	6	8	0.06333333333333334	0.045	0.9433333333333334	0.97	0.0000	seven/007087.jpg
26	2	6	2	0.06	0.0475	0.9533333333333334	0.975	0.0000	eight/008026.jpg
882	2	6	0	0.07333333333333333	0.0375	0.97	0.97	0.0000	six/006108.jpg
802	2	6	0	0.07333333333333333	0.0375	0.97	0.97	0.0000	six/006028.jpg
540	2	6	9	0.14333333333333334	0.0375	0.9133333333333333	0.9525	0.0000	one/001024.jpg
94	2	6	2	0.06	0.0475	0.9533333333333334	0.975	0.0000	eight/008094.jpg
1229	2	6	7	0.03333333333333333	0.0225	0.9666666666666667	0.9875	0.0000	zero/000068.jpg
937	2	6	3	0.04666666666666667	0.045	0.95	0.98	0.0000	three/003034.jpg
276	2	6	1	0.04	0.04	0.9333333333333333	0.9675	0.0000	four/004018.jpg
165	2	6	5	0.06333333333333334	0.0475	0.9566666666666667	0.9575	0.0000	five/005036.jpg
949	2	6	3	0.04666666666666667	0.045	0.95	0.98	0.0000	three/003046.jpg
214	2	6	5	0.06333333333333334	0.0475	0.9566666666666667	0.9575	0.0000	five/005085.jpg
408	2	6	6	0.06	0.0625	0.9466666666666667	0.9875	0.0000	nine/009021.jpg
534	2	6	9	0.14333333333333334	0.0375	0.9133333333333333	0.9525	0.0000	one/001018.jpg
125	2	6	2	0.06	0.0475	0.9533333333333334	0.975	0.0000	eight/008125.jpg
1111	2	6	4	0.07	0.0275	0.9566666666666667	0.9875	0.0000	two/002079.jpg
900	2	6	0	0.07333333333333333	0.0375	0.97	0.97	0.0000	six/006126.jpg
1254	2	6	7	0.03333333333333333	0.0225	0.9666666666666667	0.9875	0.0000	zero/000093.jpg
1289	2	6	7	0.03333333333333333	0.0225	0.9666666666666667	0.9875	0.0000	zero/000128.jpg
367	2	6	1	0.04	0.04	0.9333333333333333	0.9675	0.0000	four/004109.jpg
608	2	6	9	0.14333333333333334	0.0375	0.9133333333333333	0.9525	0.0000	one/001092.jpg
638	2	6	9	0.14333333333333334	0.0375	0.9133333333333333	0.9525	0.0000	one/001122.jpg
1239	2	6	7	0.03333333333333333	0.0225	0.9666666666666667	0.9875	0.0000	zero/000078.jpg
141	2	6	5	0.06333333333333334	0.0475	0.9566666666666667	0.9575	0.0000	five/005012.jpg
1208	2	6	7	0.03333333333333333	0.0225	0.9666666666666667	0.9875	0.0000	zero/000047.jpg
260	2	6	1	0.04	0.04	0.9333333333333333	0.9675	0.0000	four/004002.jpg
421	2	6	6	0.06	0.0625	0.9466666666666667	0.9875	0.0000	nine/009034.jpg
1223	2	6	7	0.03333333333333333	0.0225	0.9666666666666667	0.9875	0.0000	zero/000062.jpg
688	2	6	8	0.06333333333333334	0.045	0.9433333333333334	0.97	0.0000	seven/007043.jpg
673	2	6	8	0.06333333333333334	0.045	0.9433333333333334	0.97	0.0000	seven/007028.jpg
381	2	6	1	0.04	0.04	0.9333333333333333	0.9675	0.0000	four/004123.jpg
795	2	6	0	0.07333333333333333	0.0375	0.97	0.97	0.0000	six/006021.jpg
34	2	6	2	0.06	0.0475	0.9533333333333334	0.975	0.0000	eight/008034.jpg
996	2	6	3	0.04666666666666667	0.045	0.95	0.98	0.0000	three/003093.jpg
1157	2	6	4	0.07	0.0275	0.9566666666666667	0.9875	0.0000	two/002125.jpg
0	2	6	2	0.06	0.0475	0.9533333333333334	0.975	0.0000	eight/008000.jpg
1238	2	6	7	0.03333333333333333	0.0225	0.9666666666666667	0.9875	0.0000	zero/000077.jpg
1071	2	6	4	0.07	0.0275	0.9566666666666667	0.9875	0.0000	two/002039.jpg
432	2	6	6	0.06	0.0625	0.9466666666666667	0.9875	0.0000	nine/009045.jpg
1168	2	6	7	0.03333333333333333	0.0225	0.9666666666666667	0.9875	0.0000	zero/000007.jpg
285	2	6	1	0.04	0.04	0.9333333333333333	0.9675	0.0000	four/004027.jpg
1270	2	6	7	0.03333333333333333	0.0225	0.9666666666666667	0.9875	0.0000	zero/000109.jpg
994	2	6	3	0.04666666666666667	0.045	0.95	0.98	0.0000	three/003091.jpg
356	2	6	1	0.04	0.04	0.9333333333333333	0.9675	0.0000	four/004098.jpg
1014	2	6	3	0.04666666666666667	0.045	0.95	0.98	0.0000	three/003111.jpg
375	2	6	1	0.04	0.04	0.9333333333333333	0.9675	0.0000	four/004117.jpg
846	2	6	0	0.07333333333333333	0.0375	0.97	0.97	0.0000	six/006072.jpg
834	2	6	0	0.07333333333333333	0.0375	0.97	0.97	0.0000	six/006060.jpg
489	2	6	6	0.06	0.0625	0.9466666666666667	0.9875	0.0000	nine/009102.jpg
1031	2	6	3	0.04666666666666667	0.045	0.95	0.98	0.0000	three/003128.jpg
1004	2	6	3	0.04666666666666667	0.045	0.95	0.98	0.0000	three/003101.jpg
965	2	6	3	0.04666666666666667	0.045	0.95	0.98	0.0000	three/003062.jpg
317	2	6	1	0.04	0.04	0.9333333333333333	0.9675	0.0000	four/004059.jpg
273	2	6	1	0.04	0.04	0.9333333333333333	0.9675	0.0000	four/004015.jpg
389	2	6	6	0.06	0.0625	0.9466666666666667	0.9875	0.0000	nine/009002.jpg
1273	2	6	7	0.03333333333333333	0.0225	0.9666666666666667	0.9875	0.0000	zero/000112.jpg
228	2	6	5	0.06333333333333334	0.0475	0.9566666666666667	0.9575	0.0000	five/005099.jpg
935	2	6	3	0.04666666666666667	0.045	0.95	0.98	0.0000	three/003032.jpg
116	2	6	2	0.06	0.0475	0.9533333333333334	0.975	0.0000	eight/008116.jpg
754	2	6	8	0.06333333333333334	0.045	0.9433333333333334	0.97	0.0000	seven/007109.jpg
226	2	6	5	0.06333333333333334	0.0475	0.9566666666666667	0.9575	0.0000	five/005097.jpg
391	2	6	6	0.06	0.0625	0.9466666666666667	0.9875	0.0000	nine/009004.jpg
396	2	6	6	0.06	0.0625	0.9466666666666667	0.9875	0.0000	nine/009009.jpg
438	2	6	6	0.06	0.0625	0.9466666666666667	0.9875	0.0000	nine/009051.jpg
1218	2	6	7	0.03333333333333333	0.0225	0.9666666666666667	0.9875	0.0000	zero/000057.jpg
20	2	6	2	0.06	0.0475	0.9533333333333334	0.975	0.0000	eight/008020.jpg
59	2	6	2	0.06	0.0475	0.9533333333333334	0.975	0.0000	eight/008059.jpg
522	2	6	9	0.14333333333333334	0.0375	0.9133333333333333	0.9525	0.0000	one/001006.jpg
32	2	6	2	0.06	0.0475	0.9533333333333334	0.975	0.0000	eight/008032.jpg
143	2	6	5	0.06333333333333334	0.0475	0.9566666666666667	0.9575	0.0000	five/005014.jpg
584	2	6	9	0.14333333333333334	0.0375	0.9133333333333333	0.9525	0.0000	one/001068.jpg
571	2	6	9	0.14333333333333334	0.0375	0.9133333333333333	0.9525	0.0000	one/001055.jpg
118	2	6	2	0.06	0.0475	0.9533333333333334	0.975	0.0000	eight/008118.jpg
1245	2	6	7	0.03333333333333333	0.0225	0.9666666666666667	0.9875	0.0000	zero/000084.jpg
1235	2	6	7	0.03333333333333333	0.0225	0.9666666666666667	0.9875	0.0000	zero/000074.jpg
728	2	6	8	0.06333333333333334	0.045	0.9433333333333334	0.97	0.0000	seven/007083.jpg
927	2	6	3	0.04666666666666667	0.045	0.95	0.98	0.0000	three/003024.jpg
786	2	6	0	0.07333333333333333	0.0375	0.97	0.97	0.0000	six/006012.jpg
1024	2	6	3	0.04666666666666667	0.045	0.95	0.98	0.0000	three/003121.jpg
1160	2	6	4	0.07	0.0275	0.9566666666666667	0.9875	0.0000	two/002128.jpg
537	2	6	9	0.14333333333333334	0.0375	0.9133333333333333	0.9525	0.0000	one/001021.jpg
303	2	6	1	0.04	0.04	0.9333333333333333	0.9675	0.0000	four/004045.jpg
870	2	6	0	0.07333333333333333	0.0375	0.97	0.97	0.0000	six/006096.jpg
419	2	6	6	0.06	0.0625	0.9466666666666667	0.9875	0.0000	nine/009032.jpg
1131	2	6	4	0.07	0.0275	0.9566666666666667	0.9875	0.0000	two/002099.jpg
791	2	6	0	0.07333333333333333	0.0375	0.97	0.97	0.0000	six/006017.jpg
1049	2	6	4	0.07	0.0275	0.9566666666666667	0.9875	0.0000	two/002017.jpg
772	2	6	8	0.06333333333333334	0.045	0.9433333333333334	0.97	0.0000	seven/007127.jpg
146	2	6	5	0.06333333333333334	0.0475	0.9566666666666667	0.9575	0.0000	five/005017.jpg
1279	2	6	7	0.03333333333333333	0.0225	0.9666666666666667	0.9875	0.0000	zero/000118.jpg
591	2	6	9	0.14333333333333334	0.0375	0.9133333333333333	0.9525	0.0000	one/001075.jpg
750	2	6	8	0.06333333333333334	0.045	0.9433333333333334	0.97	0.0000	seven/007105.jpg
1118	2	6	4	0.07	0.0275	0.9566666666666667	0.9875	0.0000	two/002086.jpg
1013	2	6	3	0.04666666666666667	0.045	0.95	0.98	0.0000	three/003110.jpg
410	2	6	6	0.06	0.0625	0.9466666666666667	0.9875	0.0000	nine/009023.jpg
1200	2	6	7	0.03333333333333333	0.0225	0.9666666666666667	0.9875	0.0000	zero/000039.jpg
803	2	6	0	0.07333333333333333	0.0375	0.97	0.97	0.0000	six/006029.jpg
398	2	6	6	0.06	0.0625	0.9466666666666667	0.9875	0.0000	nine/009011.jpg
293	2	6	1	0.04	0.04	0.9333333333333333	0.9675	0.0000	four/004035.jpg
1062	2	6	4	0.07	0.0275	0.9566666666666667	0.9875	0.0000	two/002030.jpg
210	2	6	5	0.06333333333333334	0.0475	0.9566666666666667	0.9575	0.0000	five/005081.jpg
144	2	6	5	0.06333333333333334	0.0475	0.9566666666666667	0.9575	0.0000	five/005015.jpg
484	2	6	6	0.06	0.0625	0.9466666666666667	0.9875	0.0000	nine/009097.jpg
128	2	6	2	0.06	0.0475	0.9533333333333334	0.975	0.0000	eight/008128.jpg
541	2	6	9	0.14333333333333334	0.0375	0.9133333333333333	0.9525	0.0000	one/001025.jpg
1203	2	6	7	0.03333333333333333	0.0225	0.9666666666666667	0.9875	0.0000	zero/000042.jpg
651	2	6	8	0.06333333333333334	0.045	0.9433333333333334	0.97	0.0000	seven/007006.jpg
500	2	6	6	0.06	0.0625	0.9466666666666667	0.9875	0.0000	nine/009113.jpg
458	2	6	6	0.06	0.0625	0.9466666666666667	0.9875	0.0000	nine/009071.jpg
202	2	6	5	0.06333333333333334	0.0475	0.9566666666666667	0.9575	0.0000	five/005073.jpg
875	2	6	0	0.07333333333333333	0.0375	0.97	0.97	0.0000	six/006101.jpg
1035	2	6	4	0.07	0.0275	0.9566666666666667	0.9875	0.0000	two/002003.jpg
735	2	6	8	0.06333333333333334	0.045	0.9433333333333334	0.97	0.0000	seven/007090.jpg
461	2	6	6	0.06	0.0625	0.9466666666666667	0.9875	0.0000	nine/009074.jpg
9	2	6	2	0.06	0.0475	0.9533333333333334	0.975	0.0000	eight/008009.jpg
997	2	6	3	0.04666666666666667	0.045	0.95	0.98	0.0000	three/003094.jpg
1188	2	6	7	0.03333333333333333	0.0225	0.9666666666666667	0.9875	0.0000	zero/000027.jpg
1	2	6	2	0.06	0.0475	0.9533333333333334	0.975	0.0000	eight/008001.jpg
1126	2	6	4	0.07	0.0275	0.9566666666666667	0.9875	0.0000	two/002094.jpg
1063	2	6	4	0.07	0.0275	0.9566666666666667	0.9875	0.0000	two/002031.jpg
898	2	6	0	0.07333333333333333	0.0375	0.97	0.97	0.0000	six/006124.jpg
697	2	6	8	0.06333333333333334	0.045	0.9433333333333334	0.97	0.0000	seven/007052.jpg
617	2	6	9	0.14333333333333334	0.0375	0.9133333333333333	0.9525	0.0000	one/001101.jpg
765	2	6	8	0.06333333333333334	0.045	0.9433333333333334	0.97	0.0000	seven/007120.jpg
1026	2	6	3	0.04666666666666667	0.045	0.95	0.98	0.0000	three/003123.jpg
1106	2	6	4	0.07	0.0275	0.9566666666666667	0.9875	0.0000	two/002074.jpg
253	2	6	5	0.06333333333333334	0.0475	0.9566666666666667	0.9575	0.0000	five/005124.jpg
1023	2	6	3	0.04666666666666667	0.045	0.95	0.98	0.0000	three/003120.jpg
1069	2	6	4	0.07	0.0275	0.9566666666666667	0.9875	0.0000	two/002037.jpg
1083	2	6	4	0.07	0.0275	0.9566666666666667	0.9875	0.0000	two/002051.jpg
888	2	6	0	0.07333333333333333	0.0375	0.97	0.97	0.0000	six/006114.jpg
339	2	6	1	0.04	0.04	0.9333333333333333	0.9675	0.0000	four/004081.jpg
404	2	6	6	0.06	0.0625	0.9466666666666667	0.9875	0.0000	nine/009017.jpg
866	2	6	0	0.07333333333333333	0.0375	0.97	0.97	0.0000	six/006092.jpg
518	2	6	9	0.14333333333333334	0.0375	0.9133333333333333	0.9525	0.0000	one/001002.jpg
415	2	6	6	0.06	0.0625	0.9466666666666667	0.9875	0.0000	nine/009028.jpg
159	2	6	5	0.06333333333333334	0.0475	0.9566666666666667	0.9575	0.0000	five/005030.jpg
727	2	6	8	0.06333333333333334	0.045	0.9433333333333334	0.97	0.0000	seven/007082.jpg
874	2	6	0	0.07333333333333333	0.0375	0.97	0.97	0.0000	six/006100.jpg
346	2	6	1	0.04	0.04	0.9333333333333333	0.9675	0.0000	four/004088.jpg
87	2	6	2	0.06	0.0475	0.9533333333333334	0.975	0.0000	eight/008087.jpg
542	2	6	9	0.14333333333333334	0.0375	0.9133333333333333	0.9525	0.0000	one/001026.jpg
1206	2	6	7	0.03333333333333333	0.0225	0.9666666666666667	0.9875	0.0000	zero/000045.jpg
646	2	6	8	0.06333333333333334	0.045	0.9433333333333334	0.97	0.0000	seven/007001.jpg
1214	2	6	7	0.03333333333333333	0.0225	0.9666666666666667	0.9875	0.0000	zero/000053.jpg
628	2	6	9	0.14333333333333334	0.0375	0.9133333333333333	0.9525	0.0000	one/001112.jpg
502	2	6	6	0.06	0.0625	0.9466666666666667	0.9875	0.0000	nine/009115.jpg
907	2	6	3	0.04666666666666667	0.045	0.95	0.98	0.0000	three/003004.jpg
92	2	6	2	0.06	0.0475	0.9533333333333334	0.975	0.0000	eight/008092.jpg
88	2	6	2	0.06	0.0475	0.9533333333333334	0.975	0.0000	eight/008088.jpg
186	2	6	5	0.06333333333333334	0.0475	0.9566666666666667	0.9575	0.0000	five/005057.jpg
318	2	6	1	0.04	0.04	0.9333333333333333	0.9675	0.0000	four/004060.jpg
644	2	6	9	0.14333333333333334	0.0375	0.9133333333333333	0.9525	0.0000	one/001128.jpg
700	2	6	8	0.06333333333333334	0.045	0.9433333333333334	0.97	0.0000	seven/007055.jpg
507	2	6	6	0.06	0.0625	0.9466666666666667	0.9875	0.0000	nine/009120.jpg
998	2	6	3	0.04666666666666667	0.045	0.95	0.98	0.0000	three/003095.jpg
701	2	6	8	0.06333333333333334	0.045	0.9433333333333334	0.97	0.0000	seven/007056.jpg
566	2	6	9	0.14333333333333334	0.0375	0.9133333333333333	0.9525	0.0000	one/001050.jpg
640	2	6	9	0.14333333333333334	0.0375	0.9133333333333333	0.9525	0.0000	one/001124.jpg
788	2	6	0	0.07333333333333333	0.0375	0.97	0.97	0.0000	six/006014.jpg
756	2	6	8	0.06333333333333334	0.045	0.9433333333333334	0.97	0.0000	seven/007111.jpg
284	2	6	1	0.04	0.04	0.9333333333333333	0.9675	0.0000	four/004026.jpg
545	2	6	9	0.14333333333333334	0.0375	0.9133333333333333	0.9525	0.0000	one/001029.jpg
490	2	6	6	0.06	0.0625	0.9466666666666667	0.9875	0.0000	nine/009103.jpg
1174	2	6	7	0.03333333333333333	0.0225	0.9666666666666667	0.9875	0.0000	zero/000013.jpg
642	2	6	9	0.14333333333333334	0.0375	0.9133333333333333	0.9525	0.0000	one/001126.jpg
282	2	6	1	0.04	0.04	0.9333333333333333	0.9675	0.0000	four/004024.jpg
814	2	6	0	0.07333333333333333	0.0375	0.97	0.97	0.0000	six/006040.jpg
843	2	6	0	0.07333333333333333	0.0375	0.97	0.97	0.0000	six/006069.jpg
1183	2	6	7	0.03333333333333333	0.0225	0.9666666666666667	0.9875	0.0000	zero/000022.jpg
878	2	6	0	0.07333333333333333	0.0375	0.97	0.97	0.0000	six/006104.jpg
1258	2	6	7	0.03333333333333333	0.0225	0.9666666666666667	0.9875	0.0000	zero/000097.jpg
736	2	6	8	0.06333333333333334	0.045	0.9433333333333334	0.97	0.0000	seven/007091.jpg
548	2	6	9	0.14333333333333334	0.0375	0.9133333333333333	0.9525	0.0000	one/001032.jpg
1022	2	6	3	0.04666666666666667	0.045	0.95	0.98	0.0000	three/003119.jpg
275	2	6	1	0.04	0.04	0.9333333333333333	0.9675	0.0000	four/004017.jpg
4	2	6	2	0.06	0.0475	0.9533333333333334	0.975	0.0000	eight/008004.jpg
1288	2	6	7	0.03333333333333333	0.0225	0.9666666666666667	0.9875	0.0000	zero/000127.jpg
444	2	6	6	0.06	0.0625	0.9466666666666667	0.9875	0.0000	nine/009057.jpg
946	2	6	3	0.04666666666666667	0.045	0.95	0.98	0.0000	three/003043.jpg
239	2	6	5	0.06333333333333334	0.0475	0.9566666666666667	0.9575	0.0000	five/005110.jpg
1086	2	6	4	0.07	0.0275	0.9566666666666667	0.9875	0.0000	two/002054.jpg
383	2	6	1	0.04	0.04	0.9333333333333333	0.9675	0.0000	four/004125.jpg
162	2	6	5	0.06333333333333334	0.0475	0.9566666666666667	0.9575	0.0000	five/005033.jpg
763	2	6	8	0.06333333333333334	0.045	0.9433333333333334	0.97	0.0000	seven/007118.jpg
626	2	6	9	0.14333333333333334	0.0375	0.9133333333333333	0.9525	0.0000	one/001110.jpg
1122	2	6	4	0.07	0.0275	0.9566666666666667	0.9875	0.0000	two/002090.jpg
521	2	6	9	0.14333333333333334	0.0375	0.9133333333333333	0.9525	0.0000	one/001005.jpg
74	2	6	2	0.06	0.0475	0.9533333333333334	0.975	0.0000	eight/008074.jpg
712	2	6	8	0.06333333333333334	0.045	0.9433333333333334	0.97	0.0000	seven/007067.jpg
729	2	6	8	0.06333333333333334	0.045	0.9433333333333334	0.97	0.0000	seven/007084.jpg
351	2	6	1	0.04	0.04	0.9333333333333333	0.9675	0.0000	four/004093.jpg
706	2	6	8	0.06333333333333334	0.045	0.9433333333333334	0.97	0.0000	seven/007061.jpg
352	2	6	1	0.04	0.04	0.9333333333333333	0.9675	0.0000	four/004094.jpg
487	2	6	6	0.06	0.0625	0.9466666666666667	0.9875	0.0000	nine/009100.jpg
279	2	6	1	0.04	0.04	0.9333333333333333	0.9675	0.0000	four/004021.jpg
609	2	6	9	0.14333333333333334	0.0375	0.9133333333333333	0.9525	0.0000	one/001093.jpg
1124	2	6	4	0.07	0.0275	0.9566666666666667	0.9875	0.0000	two/002092.jpg
707	2	6	8	0.06333333333333334	0.045	0.9433333333333334	0.97	0.0000	seven/007062.jpg
1052	2	6	4	0.07	0.0275	0.9566666666666667	0.9875	0.0000	two/002020.jpg
343	2	6	1	0.04	0.04	0.9333333333333333	0.9675	0.0000	four/004085.jpg
224	2	6	5	0.06333333333333334	0.0475	0.9566666666666667	0.9575	0.0000	five/005095.jpg
494	2	6	6	0.06	0.0625	0.9466666666666667	0.9875	0.0000	nine/009107.jpg
854	2	6	0	0.07333333333333333	0.0375	0.97	0.97	0.0000	six/006080.jpg
1175	2	6	7	0.03333333333333333	0.0225	0.9666666666666667	0.9875	0.0000	zero/000014.jpg
849	2	6	0	0.07333333333333333	0.0375	0.97	0.97	0.0000	six/006075.jpg
812	2	6	0	0.07333333333333333	0.0375	0.97	0.97	0.0000	six/006038.jpg
630	2	6	9	0.14333333333333334	0.0375	0.9133333333333333	0.9525	0.0000	one/001114.jpg
1136	2	6	4	0.07	0.0275	0.9566666666666667	0.9875	0.0000	two/002104.jpg
82	2	6	2	0.06	0.0475	0.9533333333333334	0.975	0.0000	eight/008082.jpg
1172	2	6	7	0.03333333333333333	0.0225	0.9666666666666667	0.9875	0.0000	zero/000011.jpg
78	2	6	2	0.06	0.0475	0.9533333333333334	0.975	0.0000	eight/008078.jpg
964	2	6	3	0.04666666666666667	0.045	0.95	0.98	0.0000	three/003061.jpg
216	2	6	5	0.06333333333333334	0.0475	0.9566666666666667	0.9575	0.0000	five/005087.jpg
543	2	6	9	0.14333333333333334	0.0375	0.9133333333333333	0.9525	0.0000	one/001027.jpg
99	2	6	2	0.06	0.0475	0.9533333333333334	0.975	0.0000	eight/008099.jpg
762	2	6	8	0.06333333333333334	0.045	0.9433333333333334	0.97	0.0000	seven/007117.jpg
511	2	6	6	0.06	0.0625	0.9466666666666667	0.9875	0.0000	nine/009124.jpg
1113	2	6	4	0.07	0.0275	0.9566666666666667	0.9875	0.0000	two/002081.jpg
252	2	6	5	0.06333333333333334	0.0475	0.9566666666666667	0.9575	0.0000	five/005123.jpg
1274	2	6	7	0.03333333333333333	0.0225	0.9666666666666667	0.9875	0.0000	zero/000113.jpg
632	2	6	9	0.14333333333333334	0.0375	0.9133333333333333	0.9525	0.0000	one/001116.jpg
1053	2	6	4	0.07	0.0275	0.9566666666666667	0.9875	0.0000	two/002021.jpg
950	2	6	3	0.04666666666666667	0.045	0.95	0.98	0.0000	three/003047.jpg
505	2	6	6	0.06	0.0625	0.9466666666666667	0.9875	0.0000	nine/009118.jpg
1077	2	6	4	0.07	0.0275	0.9566666666666667	0.9875	0.0000	two/002045.jpg
188	2	6	5	0.06333333333333334	0.0475	0.9566666666666667	0.9575	0.0000	five/005059.jpg
755	2	6	8	0.06333333333333334	0.045	0.9433333333333334	0.97	0.0000	seven/007110.jpg
129	2	6	5	0.06333333333333334	0.0475	0.9566666666666667	0.9575	0.0000	five/005000.jpg
161	2	6	5	0.06333333333333334	0.0475	0.9566666666666667	0.9575	0.0000	five/005032.jpg
1249	2	6	7	0.03333333333333333	0.0225	0.9666666666666667	0.9875	0.0000	zero/000088.jpg
372	2	6	1	0.04	0.04	0.9333333333333333	0.9675	0.0000	four/004114.jpg
407	2	6	6	0.06	0.0625	0.9466666666666667	0.9875	0.0000	nine/009020.jpg
546	2	6	9	0.14333333333333334	0.0375	0.9133333333333333	0.9525	0.0000	one/001030.jpg
295	2	6	1	0.04	0.04	0.9333333333333333	0.9675	0.0000	four/004037.jpg
860	2	6	0	0.07333333333333333	0.0375	0.97	0.97	0.0000	six/006086.jpg
738	2	6	8	0.06333333333333334	0.045	0.9433333333333334	0.97	0.0000	seven/007093.jpg
1271	2	6	7	0.03333333333333333	0.0225	0.9666666666666667	0.9875	0.0000	zero/000110.jpg
589	2	6	9	0.14333333333333334	0.0375	0.9133333333333333	0.9525	0.0000	one/001073.jpg
1066	2	6	4	0.07	0.0275	0.9566666666666667	0.9875	0.0000	two/002034.jpg
595	2	6	9	0.14333333333333334	0.0375	0.9133333333333333	0.9525	0.0000	one/001079.jpg
794	2	6	0	0.07333333333333333	0.0375	0.97	0.97	0.0000	six/006020.jpg
264	2	6	1	0.04	0.04	0.9333333333333333	0.9675	0.0000	four/004006.jpg
671	2	6	8	0.06333333333333334	0.045	0.9433333333333334	0.97	0.0000	seven/007026.jpg
42	2	6	2	0.06	0.0475	0.9533333333333334	0.975	0.0000	eight/008042.jpg
364	2	6	1	0.04	0.04	0.9333333333333333	0.9675	0.0000	four/004106.jpg
76	2	6	2	0.06	0.0475	0.9533333333333334	0.975	0.0000	eight/008076.jpg
809	2	6	0	0.07333333333333333	0.0375	0.97	0.97	0.0000	six/006035.jpg
50	2	6	2	0.06	0.0475	0.9533333333333334	0.975	0.0000	eight/008050.jpg
1133	2	6	4	0.07	0.0275	0.9566666666666667	0.9875	0.0000	two/002101.jpg
510	2	6	6	0.06	0.0625	0.9466666666666667	0.9875	0.0000	nine/009123.jpg
271	2	6	1	0.04	0.04	0.9333333333333333	0.9675	0.0000	four/004013.jpg
1087	2	6	4	0.07	0.0275	0.9566666666666667	0.9875	0.0000	two/002055.jpg
345	2	6	1	0.04	0.04	0.9333333333333333	0.9675	0.0000	four/004087.jpg
858	2	6	0	0.07333333333333333	0.0375	0.97	0.97	0.0000	six/006084.jpg
477	2	6	6	0.06	0.0625	0.9466666666666667	0.9875	0.0000	nine/009090.jpg
1041	2	6	4	0.07	0.0275	0.9566666666666667	0.9875	0.0000	two/002009.jpg
413	2	6	6	0.06	0.0625	0.9466666666666667	0.9875	0.0000	nine/009026.jpg
244	2	6	5	0.06333333333333334	0.0475	0.9566666666666667	0.9575	0.0000	five/005115.jpg
530	2	6	9	0.14333333333333334	0.0375	0.9133333333333333	0.9525	0.0000	one/001014.jpg
962	2	6	3	0.04666666666666667	0.045	0.95	0.98	0.0000	three/003059.jpg
792	2	6	0	0.07333333333333333	0.0375	0.97	0.97	0.0000	six/006018.jpg
219	2	6	5	0.06333333333333334	0.0475	0.9566666666666667	0.9575	0.0000	five/005090.jpg
379	2	6	1	0.04	0.04	0.9333333333333333	0.9675	0.0000	four/004121.jpg
1003	2	6	3	0.04666666666666667	0.045	0.95	0.98	0.0000	three/003100.jpg
631	2	6	9	0.14333333333333334	0.0375	0.9133333333333333	0.9525	0.0000	one/001115.jpg
806	2	6	0	0.07333333333333333	0.0375	0.97	0.97	0.0000	six/006032.jpg
173	2	6	5	0.06333333333333334	0.0475	0.9566666666666667	0.9575	0.0000	five/005044.jpg
122	2	6	2	0.06	0.0475	0.9533333333333334	0.975	0.0000	eight/008122.jpg
360	2	6	1	0.04	0.04	0.9333333333333333	0.9675	0.0000	four/004102.jpg
737	2	6	8	0.06333333333333334	0.045	0.9433333333333334	0.97	0.0000	seven/007092.jpg
1090	2	6	4	0.07	0.0275	0.9566666666666667	0.9875	0.0000	two/002058.jpg
425	2	6	6	0.06	0.0625	0.9466666666666667	0.9875	0.0000	nine/009038.jpg
677	2	6	8	0.06333333333333334	0.045	0.9433333333333334	0.97	0.0000	seven/007032.jpg
1140	2	6	4	0.07	0.0275	0.9566666666666667	0.9875	0.0000	two/002108.jpg
1028	2	6	3	0.04666666666666667	0.045	0.95	0.98	0.0000	three/003125.jpg
1005	2	6	3	0.04666666666666667	0.045	0.95	0.98	0.0000	three/003102.jpg
877	2	6	0	0.07333333333333333	0.0375	0.97	0.97	0.0000	six/006103.jpg
246	2	6	5	0.06333333333333334	0.0475	0.9566666666666667	0.9575	0.0000	five/005117.jpg
982	2	6	3	0.04666666666666667	0.045	0.95	0.98	0.0000	three/003079.jpg
744	2	6	8	0.06333333333333334	0.045	0.9433333333333334	0.97	0.0000	seven/007099.jpg
28	2	6	2	0.06	0.0475	0.9533333333333334	0.975	0.0000	eight/008028.jpg
341	2	6	1	0.04	0.04	0.9333333333333333	0.9675	0.0000	four/004083.jpg
266	2	6	1	0.04	0.04	0.9333333333333333	0.9675	0.0000	four/004008.jpg
401	2	6	6	0.06	0.0625	0.9466666666666667	0.9875	0.0000	nine/009014.jpg
1165	2	6	7	0.03333333333333333	0.0225	0.9666666666666667	0.9875	0.0000	zero/000004.jpg
1287	2	6	7	0.03333333333333333	0.0225	0.9666666666666667	0.9875	0.0000	zero/000126.jpg
923	2	6	3	0.04666666666666667	0.045	0.95	0.98	0.0000	three/003020.jpg
409	2	6	6	0.06	0.0625	0.9466666666666667	0.9875	0.0000	nine/009022.jpg
1078	2	6	4	0.07	0.0275	0.9566666666666667	0.9875	0.0000	two/002046.jpg
975	2	6	3	0.04666666666666667	0.045	0.95	0.98	0.0000	three/003072.jpg
222	2	6	5	0.06333333333333334	0.0475	0.9566666666666667	0.9575	0.0000	five/005093.jpg
1242	2	6	7	0.03333333333333333	0.0225	0.9666666666666667	0.9875	0.0000	zero/000081.jpg
272	2	6	1	0.04	0.04	0.9333333333333333	0.9675	0.0000	four/004014.jpg
1007	2	6	3	0.04666666666666667	0.045	0.95	0.98	0.0000	three/003104.jpg
1173	2	6	7	0.03333333333333333	0.0225	0.9666666666666667	0.9875	0.0000	zero/000012.jpg
446	2	6	6	0.06	0.0625	0.9466666666666667	0.9875	0.0000	nine/009059.jpg
199	2	6	5	0.06333333333333334	0.0475	0.9566666666666667	0.9575	0.0000	five/005070.jpg
1154	2	6	4	0.07	0.0275	0.9566666666666667	0.9875	0.0000	two/002122.jpg
1149	2	6	4	0.07	0.0275	0.9566666666666667	0.9875	0.0000	two/002117.jpg
1232	2	6	7	0.03333333333333333	0.0225	0.9666666666666667	0.9875	0.0000	zero/000071.jpg
62	2	6	2	0.06	0.0475	0.9533333333333334	0.975	0.0000	eight/008062.jpg
1179	2	6	7	0.03333333333333333	0.0225	0.9666666666666667	0.9875	0.0000	zero/000018.jpg
85	2	6	2	0.06	0.0475	0.9533333333333334	0.975	0.0000	eight/008085.jpg
7	2	6	2	0.06	0.0475	0.9533333333333334	0.975	0.0000	eight/008007.jpg
358	2	6	1	0.04	0.04	0.9333333333333333	0.9675	0.0000	four/004100.jpg
452	2	6	6	0.06	0.0625	0.9466666666666667	0.9875	0.0000	nine/009065.jpg
1143	2	6	4	0.07	0.0275	0.9566666666666667	0.9875	0.0000	two/002111.jpg
853	2	6	0	0.07333333333333333	0.0375	0.97	0.97	0.0000	six/006079.jpg
43	2	6	2	0.06	0.0475	0.9533333333333334	0.975	0.0000	eight/008043.jpg
672	2	6	8	0.06333333333333334	0.045	0.9433333333333334	0.97	0.0000	seven/007027.jpg
864	2	6	0	0.07333333333333333	0.0375	0.97	0.97	0.0000	six/006090.jpg
613	2	6	9	0.14333333333333334	0.0375	0.9133333333333333	0.9525	0.0000	one/001097.jpg
760	2	6	8	0.06333333333333334	0.045	0.9433333333333334	0.97	0.0000	seven/007115.jpg
483	2	6	6	0.06	0.0625	0.9466666666666667	0.9875	0.0000	nine/009096.jpg
166	2	6	5	0.06333333333333334	0.0475	0.9566666666666667	0.9575	0.0000	five/005037.jpg
531	2	6	9	0.14333333333333334	0.0375	0.9133333333333333	0.9525	0.0000	one/001015.jpg
1162	2	6	7	0.03333333333333333	0.0225	0.9666666666666667	0.9875	0.0000	zero/000001.jpg
209	2	6	5	0.06333333333333334	0.0475	0.9566666666666667	0.9575	0.0000	five/005080.jpg
16	2	6	2	0.06	0.0475	0.9533333333333334	0.975	0.0000	eight/008016.jpg
926	2	6	3	0.04666666666666667	0.045	0.95	0.98	0.0000	three/003023.jpg
774	2	6	0	0.07333333333333333	0.0375	0.97	0.97	0.0000	six/006000.jpg
953	2	6	3	0.04666666666666667	0.045	0.95	0.98	0.0000	three/003050.jpg
454	2	6	6	0.06	0.0625	0.9466666666666667	0.9875	0.0000	nine/009067.jpg
113	2	6	2	0.06	0.0475	0.9533333333333334	0.975	0.0000	eight/008113.jpg
682	2	6	8	0.06333333333333334	0.045	0.9433333333333334	0.97	0.0000	seven/007037.jpg
156	2	6	5	0.06333333333333334	0.0475	0.9566666666666667	0.9575	0.0000	five/005027.jpg
274	2	6	1	0.04	0.04	0.9333333333333333	0.9675	0.0000	four/004016.jpg
321	2	6	1	0.04	0.04	0.9333333333333333	0.9675	0.0000	four/004063.jpg
208	2	6	5	0.06333333333333334	0.0475	0.9566666666666667	0.9575	0.0000	five/005079.jpg
618	2	6	9	0.14333333333333334	0.0375	0.9133333333333333	0.9525	0.0000	one/001102.jpg
1178	2	6	7	0.03333333333333333	0.0225	0.9666666666666667	0.9875	0.0000	zero/000017.jpg
1219	2	6	7	0.03333333333333333	0.0225	0.9666666666666667	0.9875	0.0000	zero/000058.jpg
83	2	6	2	0.06	0.0475	0.9533333333333334	0.975	0.0000	eight/008083.jpg
867	2	6	0	0.07333333333333333	0.0375	0.97	0.97	0.0000	six/006093.jpg
1030	2	6	3	0.04666666666666667	0.045	0.95	0.98	0.0000	three/003127.jpg
314	2	6	1	0.04	0.04	0.9333333333333333	0.9675	0.0000	four/004056.jpg
702	2	6	8	0.06333333333333334	0.045	0.9433333333333334	0.97	0.0000	seven/007057.jpg
320	2	6	1	0.04	0.04	0.9333333333333333	0.9675	0.0000	four/004062.jpg
180	2	6	5	0.06333333333333334	0.0475	0.9566666666666667	0.9575	0.0000	five/005051.jpg
666	2	6	8	0.06333333333333334	0.045	0.9433333333333334	0.97	0.0000	seven/007021.jpg
393	2	6	6	0.06	0.0625	0.9466666666666667	0.9875	0.0000	nine/009006.jpg
896	2	6	0	0.07333333333333333	0.0375	0.97	0.97	0.0000	six/006122.jpg
624	2	6	9	0.14333333333333334	0.0375	0.9133333333333333	0.9525	0.0000	one/001108.jpg
627	2	6	9	0.14333333333333334	0.0375	0.9133333333333333	0.9525	0.0000	one/001111.jpg
212	2	6	5	0.06333333333333334	0.0475	0.9566666666666667	0.9575	0.0000	five/005083.jpg
1226	2	6	7	0.03333333333333333	0.0225	0.9666666666666667	0.9875	0.0000	zero/000065.jpg
245	2	6	5	0.06333333333333334	0.0475	0.9566666666666667	0.9575	0.0000	five/005116.jpg
657	2	6	8	0.06333333333333334	0.045	0.9433333333333334	0.97	0.0000	seven/007012.jpg
751	2	6	8	0.06333333333333334	0.045	0.9433333333333334	0.97	0.0000	seven/007106.jpg
1098	2	6	4	0.07	0.0275	0.9566666666666667	0.9875	0.0000	two/002066.jpg
1199	2	6	7	0.03333333333333333	0.0225	0.9666666666666667	0.9875	0.0000	zero/000038.jpg
22	2	6	2	0.06	0.0475	0.9533333333333334	0.975	0.0000	eight/008022.jpg
948	2	6	3	0.04666666666666667	0.045	0.95	0.98	0.0000	three/003045.jpg
476	2	6	6	0.06	0.0625	0.9466666666666667	0.9875	0.0000	nine/009089.jpg
81	2	6	2	0.06	0.0475	0.9533333333333334	0.975	0.0000	eight/008081.jpg
376	2	6	1	0.04	0.04	0.9333333333333333	0.9675	0.0000	four/004118.jpg
218	2	6	5	0.06333333333333334	0.0475	0.9566666666666667	0.9575	0.0000	five/005089.jpg
60	2	6	2	0.06	0.0475	0.9533333333333334	0.975	0.0000	eight/008060.jpg
524	2	6	9	0.14333333333333334	0.0375	0.9133333333333333	0.9525	0.0000	one/001008.jpg
1036	2	6	4	0.07	0.0275	0.9566666666666667	0.9875	0.0000	two/002004.jpg
97	2	6	2	0.06	0.0475	0.9533333333333334	0.975	0.0000	eight/008097.jpg
1008	2	6	3	0.04666666666666667	0.045	0.95	0.98	0.0000	three/003105.jpg
416	2	6	6	0.06	0.0625	0.9466666666666667	0.9875	0.0000	nine/009029.jpg
977	2	6	3	0.04666666666666667	0.045	0.95	0.98	0.0000	three/003074.jpg
1045	2	6	4	0.07	0.0275	0.9566666666666667	0.9875	0.0000	two/002013.jpg
717	2	6	8	0.06333333333333334	0.045	0.9433333333333334	0.97	0.0000	seven/007072.jpg
979	2	6	3	0.04666666666666667	0.045	0.95	0.98	0.0000	three/003076.jpg
106	2	6	2	0.06	0.0475	0.9533333333333334	0.975	0.0000	eight/008106.jpg
961	2	6	3	0.04666666666666667	0.045	0.95	0.98	0.0000	three/003058.jpg
256	2	6	5	0.06333333333333334	0.0475	0.9566666666666667	0.9575	0.0000	five/005127.jpg
182	2	6	5	0.06333333333333334	0.0475	0.9566666666666667	0.9575	0.0000	five/005053.jpg
231	2	6	5	0.06333333333333334	0.0475	0.9566666666666667	0.9575	0.0000	five/005102.jpg
1037	2	6	4	0.07	0.0275	0.9566666666666667	0.9875	0.0000	two/002005.jpg
460	2	6	6	0.06	0.0625	0.9466666666666667	0.9875	0.0000	nine/009073.jpg
29	2	6	2	0.06	0.0475	0.9533333333333334	0.975	0.0000	eight/008029.jpg
71	2	6	2	0.06	0.0475	0.9533333333333334	0.975	0.0000	eight/008071.jpg
468	2	6	6	0.06	0.0625	0.9466666666666667	0.9875	0.0000	nine/009081.jpg
713	2	6	8	0.06333333333333334	0.045	0.9433333333333334	0.97	0.0000	seven/007068.jpg
464	2	6	6	0.06	0.0625	0.9466666666666667	0.9875	0.0000	nine/009077.jpg
576	2	6	9	0.14333333333333334	0.0375	0.9133333333333333	0.9525	0.0000	one/001060.jpg
966	2	6	3	0.04666666666666667	0.045	0.95	0.98	0.0000	three/003063.jpg
237	2	6	5	0.06333333333333334	0.0475	0.9566666666666667	0.9575	0.0000	five/005108.jpg
661	2	6	8	0.06333333333333334	0.045	0.9433333333333334	0.97	0.0000	seven/007016.jpg
992	2	6	3	0.04666666666666667	0.045	0.95	0.98	0.0000	three/003089.jpg
1191	2	6	7	0.03333333333333333	0.0225	0.9666666666666667	0.9875	0.0000	zero/000030.jpg
777	2	6	0	0.07333333333333333	0.0375	0.97	0.97	0.0000	six/006003.jpg
733	2	6	8	0.06333333333333334	0.045	0.9433333333333334	0.97	0.0000	seven/007088.jpg
348	2	6	1	0.04	0.04	0.9333333333333333	0.9675	0.0000	four/004090.jpg
300	2	6	1	0.04	0.04	0.9333333333333333	0.9675	0.0000	four/004042.jpg
287	2	6	1	0.04	0.04	0.9333333333333333	0.9675	0.0000	four/004029.jpg
1217	2	6	7	0.03333333333333333	0.0225	0.9666666666666667	0.9875	0.0000	zero/000056.jpg
195	2	6	5	0.06333333333333334	0.0475	0.9566666666666667	0.9575	0.0000	five/005066.jpg
601	2	6	9	0.14333333333333334	0.0375	0.9133333333333333	0.9525	0.0000	one/001085.jpg
181	2	6	5	0.06333333333333334	0.0475	0.9566666666666667	0.9575	0.0000	five/005052.jpg
217	2	6	5	0.06333333333333334	0.0475	0.9566666666666667	0.9575	0.0000	five/005088.jpg
984	2	6	3	0.04666666666666667	0.045	0.95	0.98	0.0000	three/003081.jpg
316	2	6	1	0.04	0.04	0.9333333333333333	0.9675	0.0000	four/004058.jpg
40	2	6	2	0.06	0.0475	0.9533333333333334	0.975	0.0000	eight/008040.jpg
852	2	6	0	0.07333333333333333	0.0375	0.97	0.97	0.0000	six/006078.jpg
904	2	6	3	0.04666666666666667	0.045	0.95	0.98	0.0000	three/003001.jpg
95	2	6	2	0.06	0.0475	0.9533333333333334	0.975	0.0000	eight/008095.jpg
142	2	6	5	0.06333333333333334	0.0475	0.9566666666666667	0.9575	0.0000	five/005013.jpg
179	2	6	5	0.06333333333333334	0.0475	0.9566666666666667	0.9575	0.0000	five/005050.jpg
719	2	6	8	0.06333333333333334	0.045	0.9433333333333334	0.97	0.0000	seven/007074.jpg
880	2	6	0	0.07333333333333333	0.0375	0.97	0.97	0.0000	six/006106.jpg
938	2	6	3	0.04666666666666667	0.045	0.95	0.98	0.0000	three/003035.jpg
805	2	6	0	0.07333333333333333	0.0375	0.97	0.97	0.0000	six/006031.jpg
1147	2	6	4	0.07	0.0275	0.9566666666666667	0.9875	0.0000	two/002115.jpg
456	2	6	6	0.06	0.0625	0.9466666666666667	0.9875	0.0000	nine/009069.jpg
1102	2	6	4	0.07	0.0275	0.9566666666666667	0.9875	0.0000	two/002070.jpg
257	2	6	5	0.06333333333333334	0.0475	0.9566666666666667	0.9575	0.0000	five/005128.jpg
616	2	6	9	0.14333333333333334	0.0375	0.9133333333333333	0.9525	0.0000	one/001100.jpg
227	2	6	5	0.06333333333333334	0.0475	0.9566666666666667	0.9575	0.0000	five/005098.jpg
1033	2	6	4	0.07	0.0275	0.9566666666666667	0.9875	0.0000	two/002001.jpg
1222	2	6	7	0.03333333333333333	0.0225	0.9666666666666667	0.9875	0.0000	zero/000061.jpg
278	2	6	1	0.04	0.04	0.9333333333333333	0.9675	0.0000	four/004020.jpg
936	2	6	3	0.04666666666666667	0.045	0.95	0.98	0.0000	three/003033.jpg
149	2	6	5	0.06333333333333334	0.0475	0.9566666666666667	0.9575	0.0000	five/005020.jpg
554	2	6	9	0.14333333333333334	0.0375	0.9133333333333333	0.9525	0.0000	one/001038.jpg
1184	2	6	7	0.03333333333333333	0.0225	0.9666666666666667	0.9875	0.0000	zero/000023.jpg
435	2	6	6	0.06	0.0625	0.9466666666666667	0.9875	0.0000	nine/009048.jpg
400	2	6	6	0.06	0.0625	0.9466666666666667	0.9875	0.0000	nine/009013.jpg
914	2	6	3	0.04666666666666667	0.045	0.95	0.98	0.0000	three/003011.jpg
782	2	6	0	0.07333333333333333	0.0375	0.97	0.97	0.0000	six/006008.jpg
779	2	6	0	0.07333333333333333	0.0375	0.97	0.97	0.0000	six/006005.jpg
1286	2	6	7	0.03333333333333333	0.0225	0.9666666666666667	0.9875	0.0000	zero/000125.jpg
811	2	6	0	0.07333333333333333	0.0375	0.97	0.97	0.0000	six/006037.jpg
1039	2	6	4	0.07	0.0275	0.9566666666666667	0.9875	0.0000	two/002007.jpg
654	2	6	8	0.06333333333333334	0.045	0.9433333333333334	0.97	0.0000	seven/007009.jpg
27	2	6	2	0.06	0.0475	0.9533333333333334	0.975	0.0000	eight/008027.jpg
6	2	6	2	0.06	0.0475	0.9533333333333334	0.975	0.0000	eight/008006.jpg
325	2	6	1	0.04	0.04	0.9333333333333333	0.9675	0.0000	four/004067.jpg
294	2	6	1	0.04	0.04	0.9333333333333333	0.9675	0.0000	four/004036.jpg
721	2	6	8	0.06333333333333334	0.045	0.9433333333333334	0.97	0.0000	seven/007076.jpg
46	2	6	2	0.06	0.0475	0.9533333333333334	0.975	0.0000	eight/008046.jpg
171	2	6	5	0.06333333333333334	0.0475	0.9566666666666667	0.9575	0.0000	five/005042.jpg
377	2	6	1	0.04	0.04	0.9333333333333333	0.9675	0.0000	four/004119.jpg
69	2	6	2	0.06	0.0475	0.9533333333333334	0.975	0.0000	eight/008069.jpg
909	2	6	3	0.04666666666666667	0.045	0.95	0.98	0.0000	three/003006.jpg
663	2	6	8	0.06333333333333334	0.045	0.9433333333333334	0.97	0.0000	seven/007018.jpg
722	2	6	8	0.06333333333333334	0.045	0.9433333333333334	0.97	0.0000	seven/007077.jpg
177	2	6	5	0.06333333333333334	0.0475	0.9566666666666667	0.9575	0.0000	five/005048.jpg
47	2	6	2	0.06	0.0475	0.9533333333333334	0.975	0.0000	eight/008047.jpg
610	2	6	9	0.14333333333333334	0.0375	0.9133333333333333	0.9525	0.0000	one/001094.jpg
449	2	6	6	0.06	0.0625	0.9466666666666667	0.9875	0.0000	nine/009062.jpg
163	2	6	5	0.06333333333333334	0.0475	0.9566666666666667	0.9575	0.0000	five/005034.jpg
19	2	6	2	0.06	0.0475	0.9533333333333334	0.975	0.0000	eight/008019.jpg
824	2	6	0	0.07333333333333333	0.0375	0.97	0.97	0.0000	six/006050.jpg
475	2	6	6	0.06	0.0625	0.9466666666666667	0.9875	0.0000	nine/009088.jpg
603	2	6	9	0.14333333333333334	0.0375	0.9133333333333333	0.9525	0.0000	one/001087.jpg
1246	2	6	7	0.03333333333333333	0.0225	0.9666666666666667	0.9875	0.0000	zero/000085.jpg
77	2	6	2	0.06	0.0475	0.9533333333333334	0.975	0.0000	eight/008077.jpg
623	2	6	9	0.14333333333333334	0.0375	0.9133333333333333	0.9525	0.0000	one/001107.jpg
1145	2	6	4	0.07	0.0275	0.9566666666666667	0.9875	0.0000	two/002113.jpg
5	2	6	2	0.06	0.0475	0.9533333333333334	0.975	0.0000	eight/008005.jpg
555	2	6	9	0.14333333333333334	0.0375	0.9133333333333333	0.9525	0.0000	one/001039.jpg
799	2	6	0	0.07333333333333333	0.0375	0.97	0.97	0.0000	six/006025.jpg
1181	2	6	7	0.03333333333333333	0.0225	0.9666666666666667	0.9875	0.0000	zero/000020.jpg
466	2	6	6	0.06	0.0625	0.9466666666666667	0.9875	0.0000	nine/009079.jpg
390	2	6	6	0.06	0.0625	0.9466666666666667	0.9875	0.0000	nine/009003.jpg
194	2	6	5	0.06333333333333334	0.0475	0.9566666666666667	0.9575	0.0000	five/005065.jpg
533	2	6	9	0.14333333333333334	0.0375	0.9133333333333333	0.9525	0.0000	one/001017.jpg
1190	2	6	7	0.03333333333333333	0.0225	0.9666666666666667	0.9875	0.0000	zero/000029.jpg
550	2	6	9	0.14333333333333334	0.0375	0.9133333333333333	0.9525	0.0000	one/001034.jpg
158	2	6	5	0.06333333333333334	0.0475	0.9566666666666667	0.9575	0.0000	five/005029.jpg
845	2	6	0	0.07333333333333333	0.0375	0.97	0.97	0.0000	six/006071.jpg
427	2	6	6	0.06	0.0625	0.9466666666666667	0.9875	0.0000	nine/009040.jpg
297	2	6	1	0.04	0.04	0.9333333333333333	0.9675	0.0000	four/004039.jpg
855	2	6	0	0.07333333333333333	0.0375	0.97	0.97	0.0000	six/006081.jpg
514	2	6	6	0.06	0.0625	0.9466666666666667	0.9875	0.0000	nine/009127.jpg
397	2	6	6	0.06	0.0625	0.9466666666666667	0.9875	0.0000	nine/009010.jpg
